INFO: Printing statistics for project C:\study\SWDiag\sharedFolder_UbuntuVM\MA\pit_data\biojava
DEBUG: Imported 10007 methods.
DEBUG: Imported 1051 tests.
284 tests cover at least 100 methods.
		46256 faults cause at least 20 failures.
		50976 faults cause at least 10 failures.
		55130 faults cause at least 5 failures.
		4082 faults cause less than 5 failures.
	A Failure has on average 208.49295774647888 underlying possible faults.
	[139, 142, 82, 295, 295, 329, 93, 127, 146, 102, 368, 157, 398, 279, 107, 81, 293, 284, 613, 160, 81, 435, 164, 279, 150, 66, 106, 70, 170, 134, 146, 104, 67, 190, 268, 248, 112, 93, 145, 80, 78, 63, 72, 74, 785, 157, 194, 290, 194, 100, 275, 183, 453, 179, 175, 389, 224, 67, 209, 80, 316, 73, 401, 101, 249, 254, 243, 295, 166, 451, 211, 31, 106, 259, 131, 154, 77, 116, 232, 79, 267, 373, 587, 225, 157, 362, 189, 502, 218, 257, 257, 194, 171, 171, 97, 295, 74, 100, 58, 210, 190, 585, 276, 242, 186, 330, 224, 339, 289, 63, 94, 153, 170, 97, 249, 88, 224, 258, 258, 96, 96, 161, 167, 296, 170, 100, 288, 154, 190, 217, 136, 238, 175, 377, 178, 300, 211, 180, 60, 75, 99, 196, 241, 449, 118, 175, 650, 451, 501, 185, 146, 53, 226, 160, 141, 202, 81, 51, 162, 421, 376, 82, 506, 239, 68, 290, 159, 175, 159, 150, 281, 98, 580, 43, 168, 97, 182, 97, 95, 452, 274, 718, 133, 389, 491, 75, 156, 147, 181, 176, 257, 160, 142, 280, 149, 218, 192, 573, 183, 88, 421, 154, 194, 84, 103, 120, 102, 350, 166, 116, 528, 33, 297, 277, 213, 76, 206, 284, 97, 526, 240, 197, 295, 91, 205, 130, 392, 547, 83, 141, 220, 280, 392, 80, 72, 155, 83, 120, 203, 278, 208, 142, 405, 167, 238, 145, 87, 71, 31, 528, 156, 230, 98, 26, 55, 163, 122, 280, 73, 72, 188, 236, 93, 195, 163, 354, 312, 134, 209, 101, 95, 129, 443, 96, 99, 215, 53, 95, 211, 247, 265, 110, 450, 156]
387 tests cover at least 60 methods.
		52979 faults cause at least 20 failures.
		58187 faults cause at least 10 failures.
		62645 faults cause at least 5 failures.
		4471 faults cause less than 5 failures.
	A Failure has on average 173.42635658914728 underlying possible faults.
	[139, 142, 82, 295, 295, 74, 329, 63, 93, 127, 29, 51, 146, 102, 116, 368, 157, 398, 279, 107, 81, 293, 284, 613, 160, 106, 70, 88, 121, 81, 86, 435, 164, 279, 150, 66, 106, 70, 170, 134, 146, 104, 47, 67, 190, 268, 248, 112, 120, 93, 145, 80, 66, 78, 63, 72, 74, 785, 116, 157, 194, 290, 194, 100, 275, 183, 25, 453, 179, 175, 389, 224, 68, 122, 67, 209, 80, 316, 73, 401, 101, 110, 249, 254, 243, 295, 166, 23, 451, 116, 211, 72, 118, 31, 97, 32, 106, 259, 131, 154, 77, 116, 232, 79, 267, 373, 587, 225, 157, 362, 189, 502, 76, 218, 257, 257, 194, 171, 171, 97, 295, 74, 100, 58, 210, 190, 585, 276, 45, 65, 242, 186, 330, 224, 339, 289, 63, 94, 70, 24, 153, 170, 97, 24, 116, 249, 70, 88, 224, 51, 258, 258, 96, 96, 45, 72, 161, 167, 296, 170, 100, 288, 154, 190, 42, 217, 84, 42, 136, 238, 175, 377, 178, 42, 86, 22, 300, 211, 180, 127, 60, 75, 99, 196, 241, 36, 449, 118, 73, 85, 175, 77, 650, 451, 501, 87, 79, 116, 185, 146, 53, 226, 160, 141, 202, 105, 108, 81, 51, 162, 51, 421, 376, 82, 506, 239, 68, 290, 118, 135, 159, 175, 159, 45, 150, 281, 43, 98, 29, 580, 72, 43, 82, 168, 97, 116, 182, 97, 95, 452, 274, 718, 133, 389, 491, 116, 75, 156, 147, 181, 176, 257, 160, 142, 280, 149, 218, 22, 192, 573, 183, 88, 421, 123, 24, 154, 125, 61, 194, 84, 103, 109, 120, 102, 51, 350, 61, 166, 116, 48, 528, 33, 73, 297, 277, 213, 111, 76, 206, 20, 284, 97, 526, 240, 197, 295, 91, 205, 130, 115, 392, 42, 547, 83, 67, 141, 220, 74, 280, 392, 80, 72, 119, 84, 155, 111, 83, 120, 125, 203, 74, 278, 54, 208, 142, 405, 167, 238, 145, 87, 71, 75, 92, 31, 136, 64, 528, 156, 112, 230, 98, 26, 55, 163, 122, 61, 27, 64, 280, 73, 72, 188, 236, 93, 59, 195, 56, 163, 107, 354, 312, 116, 134, 209, 101, 95, 129, 443, 67, 66, 95, 96, 99, 215, 53, 73, 95, 70, 109, 211, 247, 64, 265, 110, 450, 156, 86]
456 tests cover at least 40 methods.
		55032 faults cause at least 20 failures.
		60469 faults cause at least 10 failures.
		65274 faults cause at least 5 failures.
		5156 faults cause less than 5 failures.
	A Failure has on average 154.4517543859649 underlying possible faults.
	[139, 142, 82, 24, 295, 295, 74, 329, 63, 93, 127, 29, 51, 146, 102, 116, 368, 157, 398, 279, 107, 81, 293, 284, 613, 160, 106, 70, 88, 121, 62, 81, 86, 435, 164, 15, 279, 150, 66, 106, 34, 70, 55, 170, 134, 146, 104, 47, 67, 190, 268, 248, 112, 120, 93, 145, 80, 66, 50, 78, 63, 72, 74, 785, 116, 157, 70, 194, 290, 194, 9, 100, 275, 183, 25, 453, 179, 175, 389, 224, 68, 122, 67, 209, 80, 316, 73, 401, 101, 60, 110, 249, 254, 47, 243, 295, 166, 63, 23, 451, 116, 211, 54, 72, 118, 31, 97, 32, 106, 259, 131, 154, 77, 116, 232, 79, 267, 63, 373, 47, 587, 225, 157, 362, 53, 189, 502, 76, 218, 257, 36, 257, 194, 171, 171, 97, 295, 74, 61, 100, 58, 210, 190, 585, 276, 45, 54, 65, 242, 186, 330, 224, 339, 289, 63, 94, 70, 24, 153, 170, 97, 24, 52, 116, 249, 70, 88, 224, 51, 258, 258, 96, 96, 45, 72, 161, 167, 296, 170, 100, 288, 154, 190, 42, 217, 84, 49, 42, 30, 40, 136, 238, 55, 175, 377, 178, 42, 86, 22, 300, 211, 180, 127, 41, 60, 75, 99, 196, 48, 241, 36, 449, 118, 73, 85, 175, 77, 650, 451, 501, 87, 79, 34, 37, 116, 53, 185, 146, 53, 226, 29, 160, 141, 202, 105, 108, 22, 39, 81, 51, 162, 51, 36, 421, 36, 376, 53, 30, 82, 506, 239, 68, 290, 118, 135, 159, 175, 159, 45, 150, 34, 281, 43, 98, 57, 29, 580, 72, 43, 69, 82, 168, 97, 116, 182, 97, 95, 34, 452, 29, 48, 274, 30, 32, 718, 133, 389, 491, 116, 75, 156, 55, 147, 181, 176, 50, 257, 160, 142, 280, 149, 218, 22, 192, 573, 183, 88, 61, 421, 123, 24, 154, 125, 61, 194, 84, 103, 48, 109, 120, 102, 51, 350, 61, 166, 116, 48, 528, 33, 73, 72, 297, 277, 213, 111, 55, 52, 76, 56, 206, 20, 284, 97, 526, 240, 197, 295, 91, 205, 130, 115, 392, 42, 89, 61, 547, 83, 67, 141, 220, 52, 74, 280, 46, 58, 392, 80, 72, 119, 56, 84, 155, 111, 83, 120, 52, 125, 203, 74, 278, 54, 208, 142, 405, 167, 238, 145, 87, 71, 75, 92, 31, 48, 136, 64, 69, 63, 528, 156, 112, 230, 98, 26, 48, 55, 163, 122, 61, 27, 64, 280, 73, 53, 72, 188, 236, 93, 59, 195, 56, 163, 56, 107, 354, 312, 63, 116, 134, 209, 39, 101, 17, 95, 129, 443, 67, 66, 95, 96, 99, 215, 66, 53, 73, 95, 70, 55, 109, 211, 247, 64, 265, 110, 450, 156, 86]
703 tests cover at least 20 methods.
		60060 faults cause at least 20 failures.
		65969 faults cause at least 10 failures.
		71229 faults cause at least 5 failures.
		5959 faults cause less than 5 failures.
	A Failure has on average 109.79800853485064 underlying possible faults.
	[139, 142, 82, 24, 12, 43, 295, 295, 74, 26, 329, 63, 93, 127, 19, 29, 51, 146, 102, 116, 27, 368, 157, 26, 26, 10, 398, 26, 279, 107, 81, 293, 284, 613, 26, 12, 160, 48, 27, 106, 11, 70, 30, 88, 121, 62, 81, 63, 60, 6, 86, 20, 32, 13, 435, 164, 15, 25, 279, 150, 66, 106, 21, 20, 34, 25, 36, 31, 70, 55, 170, 134, 146, 49, 104, 46, 47, 21, 67, 190, 268, 248, 112, 33, 32, 42, 33, 120, 25, 93, 25, 14, 145, 28, 80, 27, 32, 66, 50, 12, 78, 63, 72, 74, 785, 16, 116, 18, 157, 70, 30, 194, 290, 9, 25, 25, 25, 25, 20, 25, 194, 9, 24, 100, 275, 24, 183, 25, 453, 179, 175, 389, 224, 68, 42, 21, 122, 30, 67, 209, 80, 316, 73, 401, 101, 60, 110, 249, 254, 47, 243, 41, 30, 295, 166, 25, 63, 23, 451, 116, 211, 50, 54, 72, 118, 18, 23, 31, 24, 97, 32, 106, 259, 131, 154, 77, 116, 232, 79, 267, 63, 373, 27, 47, 587, 27, 43, 27, 225, 157, 362, 53, 189, 32, 31, 502, 76, 218, 257, 36, 257, 194, 171, 171, 97, 295, 74, 61, 100, 58, 210, 190, 585, 276, 45, 32, 28, 54, 65, 242, 25, 25, 25, 186, 330, 224, 339, 32, 289, 63, 25, 94, 46, 70, 29, 24, 45, 24, 12, 153, 14, 170, 97, 24, 36, 25, 25, 25, 52, 116, 10, 249, 70, 88, 24, 224, 24, 51, 258, 258, 96, 96, 25, 45, 12, 72, 41, 161, 167, 296, 12, 170, 100, 17, 288, 24, 154, 17, 30, 36, 190, 42, 217, 84, 47, 49, 25, 42, 30, 40, 38, 136, 238, 30, 55, 175, 377, 25, 25, 178, 42, 86, 26, 22, 49, 300, 5, 211, 180, 127, 41, 60, 43, 75, 24, 24, 99, 18, 196, 48, 14, 33, 241, 36, 449, 118, 73, 85, 175, 77, 650, 37, 11, 16, 31, 24, 451, 50, 36, 501, 87, 79, 33, 34, 27, 37, 27, 116, 53, 185, 146, 24, 53, 24, 24, 226, 15, 29, 160, 141, 202, 105, 108, 22, 39, 36, 44, 81, 51, 162, 51, 36, 27, 421, 36, 376, 17, 53, 30, 17, 82, 506, 239, 68, 290, 118, 135, 159, 175, 159, 45, 42, 150, 34, 281, 43, 98, 57, 12, 29, 25, 580, 39, 72, 43, 28, 15, 69, 82, 168, 97, 31, 46, 24, 34, 24, 116, 182, 97, 95, 26, 34, 14, 452, 29, 48, 26, 26, 26, 19, 274, 17, 30, 32, 20, 30, 718, 133, 389, 491, 23, 116, 75, 30, 44, 156, 24, 55, 24, 24, 24, 24, 147, 24, 181, 24, 24, 176, 50, 257, 18, 16, 160, 142, 280, 149, 218, 40, 22, 192, 26, 573, 183, 24, 88, 61, 23, 421, 25, 25, 123, 24, 154, 125, 33, 31, 61, 194, 30, 84, 103, 48, 109, 120, 102, 51, 350, 12, 12, 26, 61, 27, 166, 25, 116, 15, 48, 528, 33, 22, 73, 12, 17, 72, 24, 11, 297, 277, 213, 15, 26, 12, 111, 55, 52, 76, 56, 206, 20, 284, 29, 97, 526, 240, 197, 295, 23, 91, 205, 37, 130, 115, 392, 42, 25, 89, 61, 37, 547, 32, 83, 67, 141, 49, 220, 52, 74, 280, 46, 58, 392, 20, 80, 72, 119, 56, 39, 84, 43, 2, 25, 44, 155, 111, 83, 46, 120, 52, 32, 42, 125, 203, 74, 42, 278, 35, 54, 208, 142, 48, 405, 167, 43, 238, 145, 26, 26, 24, 87, 26, 49, 22, 71, 75, 92, 36, 31, 48, 136, 64, 69, 26, 26, 26, 63, 20, 528, 156, 112, 230, 98, 26, 48, 55, 163, 36, 25, 122, 61, 12, 27, 16, 64, 280, 73, 53, 30, 72, 188, 236, 93, 59, 195, 24, 39, 56, 163, 56, 107, 354, 17, 312, 63, 116, 134, 36, 209, 39, 101, 17, 95, 129, 443, 67, 66, 44, 95, 96, 99, 20, 215, 66, 53, 26, 73, 22, 95, 70, 55, 109, 23, 211, 33, 36, 247, 64, 32, 265, 17, 39, 49, 26, 25, 110, 450, 26, 25, 156, 36, 25, 86, 46, 25]
348 tests cover less than 20 methods.