INFO: Printing statistics for project C:\study\SWDiag\sharedFolder_UbuntuVM\MA\pit_data\commons-codec
DEBUG: Imported 597 methods.
DEBUG: Imported 666 tests.
0 tests cover at least 100 methods.
0 tests cover at least 60 methods.
10 tests cover at least 40 methods.
		0 faults cause at least 20 failures.
		175 faults cause at least 10 failures.
		252 faults cause at least 5 failures.
		35 faults cause less than 5 failures.
	A Failure has on average 28.7 underlying possible faults.
	[39, 47, 41, 18, 41, 28, 21, 18, 18, 16]
36 tests cover at least 20 methods.
		342 faults cause at least 20 failures.
		635 faults cause at least 10 failures.
		1033 faults cause at least 5 failures.
		273 faults cause less than 5 failures.
	A Failure has on average 36.27777777777778 underlying possible faults.
	[42, 39, 14, 47, 47, 57, 52, 45, 47, 41, 18, 30, 41, 47, 28, 38, 0, 36, 47, 42, 47, 21, 18, 6, 18, 16, 47, 25, 43, 31, 38, 46, 40, 57, 38, 57]
630 tests cover less than 20 methods.