INFO: Printing statistics for project C:\study\SWDiag\sharedFolder_UbuntuVM\MA\pit_data\commons-imaging
DEBUG: Imported 1636 methods.
DEBUG: Imported 543 tests.
112 tests cover at least 100 methods.
		14180 faults cause at least 20 failures.
		15985 faults cause at least 10 failures.
		16885 faults cause at least 5 failures.
		564 faults cause less than 5 failures.
	A Failure has on average 155.79464285714286 underlying possible faults.
	[135, 102, 259, 186, 102, 204, 114, 98, 86, 135, 204, 99, 112, 102, 77, 217, 100, 150, 112, 120, 217, 133, 95, 104, 120, 217, 131, 96, 104, 435, 96, 131, 95, 239, 96, 104, 96, 112, 107, 96, 107, 246, 97, 195, 202, 235, 224, 186, 95, 185, 210, 110, 156, 95, 185, 184, 171, 110, 93, 84, 212, 184, 183, 112, 93, 186, 176, 186, 320, 112, 186, 181, 178, 99, 183, 174, 186, 212, 165, 201, 96, 198, 196, 95, 182, 507, 98, 98, 249, 119, 104, 505, 97, 119, 131, 95, 209, 104, 506, 131, 99, 104, 119, 120, 97, 135, 139, 96, 137, 96, 136, 95]
173 tests cover at least 60 methods.
		18380 faults cause at least 20 failures.
		20749 faults cause at least 10 failures.
		21817 faults cause at least 5 failures.
		696 faults cause less than 5 failures.
	A Failure has on average 130.13294797687863 underlying possible faults.
	[135, 102, 259, 186, 81, 102, 204, 114, 98, 81, 86, 79, 135, 64, 204, 99, 112, 81, 102, 77, 79, 88, 88, 217, 100, 150, 112, 120, 81, 217, 92, 81, 133, 95, 104, 120, 81, 217, 87, 81, 131, 96, 104, 81, 435, 96, 81, 131, 95, 239, 83, 96, 66, 104, 69, 87, 96, 112, 107, 81, 69, 84, 96, 107, 80, 246, 97, 88, 73, 84, 195, 202, 81, 63, 235, 108, 84, 224, 186, 88, 73, 81, 106, 73, 95, 185, 81, 210, 110, 156, 106, 65, 95, 185, 184, 171, 86, 110, 93, 109, 84, 212, 184, 183, 112, 80, 62, 93, 186, 176, 186, 320, 112, 80, 68, 186, 181, 178, 99, 183, 174, 186, 63, 212, 165, 201, 96, 198, 196, 95, 182, 507, 98, 98, 249, 119, 73, 104, 505, 65, 103, 97, 119, 73, 131, 49, 95, 209, 104, 506, 79, 131, 88, 99, 102, 104, 119, 120, 92, 97, 102, 135, 103, 139, 96, 102, 102, 137, 102, 96, 136, 102, 95]
211 tests cover at least 40 methods.
		19725 faults cause at least 20 failures.
		22486 faults cause at least 10 failures.
		23782 faults cause at least 5 failures.
		730 faults cause less than 5 failures.
	A Failure has on average 116.17061611374407 underlying possible faults.
	[135, 102, 259, 186, 81, 102, 204, 114, 98, 81, 86, 79, 135, 64, 204, 99, 112, 81, 102, 77, 79, 88, 88, 217, 100, 150, 112, 120, 81, 61, 217, 92, 81, 133, 95, 104, 120, 81, 217, 87, 81, 131, 96, 42, 45, 104, 81, 435, 46, 96, 81, 131, 95, 55, 239, 83, 96, 66, 104, 69, 87, 96, 112, 107, 81, 53, 69, 84, 96, 107, 80, 246, 97, 88, 73, 84, 195, 202, 81, 63, 235, 108, 84, 224, 186, 88, 73, 73, 81, 106, 73, 95, 185, 81, 210, 110, 46, 156, 106, 65, 95, 185, 184, 171, 86, 110, 93, 109, 84, 212, 184, 183, 112, 80, 62, 93, 186, 176, 186, 320, 112, 80, 45, 46, 68, 41, 186, 181, 55, 44, 53, 178, 99, 183, 44, 53, 174, 186, 53, 40, 63, 212, 165, 48, 201, 40, 41, 55, 96, 198, 196, 73, 55, 95, 182, 74, 73, 507, 74, 98, 44, 98, 249, 119, 73, 104, 505, 65, 103, 97, 46, 119, 73, 131, 49, 50, 95, 209, 104, 506, 79, 131, 88, 99, 102, 104, 119, 120, 92, 97, 102, 53, 61, 135, 103, 139, 53, 96, 102, 46, 102, 53, 54, 137, 50, 102, 61, 96, 136, 102, 95]
368 tests cover at least 20 methods.
		23182 faults cause at least 20 failures.
		26137 faults cause at least 10 failures.
		27506 faults cause at least 5 failures.
		842 faults cause less than 5 failures.
	A Failure has on average 77.03260869565217 underlying possible faults.
	[33, 135, 102, 259, 21, 186, 19, 81, 102, 25, 21, 204, 114, 98, 81, 86, 79, 135, 64, 204, 99, 21, 112, 19, 81, 102, 77, 79, 88, 37, 88, 21, 217, 100, 150, 21, 112, 120, 81, 33, 61, 217, 92, 81, 133, 95, 21, 21, 104, 120, 81, 25, 21, 217, 87, 42, 81, 131, 21, 96, 21, 42, 45, 104, 81, 435, 31, 46, 21, 21, 96, 19, 81, 21, 131, 95, 13, 33, 55, 21, 21, 21, 239, 83, 96, 21, 19, 19, 66, 104, 36, 46, 69, 87, 96, 112, 107, 19, 81, 36, 21, 53, 19, 69, 84, 96, 107, 80, 26, 36, 21, 33, 246, 97, 88, 19, 73, 84, 195, 202, 81, 36, 21, 63, 33, 235, 108, 19, 84, 224, 186, 88, 19, 73, 19, 73, 36, 81, 23, 33, 106, 73, 95, 185, 81, 210, 19, 19, 37, 110, 19, 46, 156, 40, 106, 19, 65, 19, 95, 185, 184, 171, 19, 86, 38, 110, 24, 93, 109, 19, 84, 19, 212, 38, 184, 183, 112, 80, 24, 62, 93, 186, 19, 19, 176, 186, 21, 38, 320, 112, 25, 80, 21, 45, 46, 68, 41, 21, 21, 186, 181, 55, 21, 19, 21, 44, 53, 37, 21, 21, 178, 99, 183, 21, 21, 19, 44, 53, 37, 21, 21, 21, 21, 174, 186, 53, 40, 63, 25, 37, 21, 21, 212, 165, 48, 201, 40, 25, 37, 41, 55, 21, 96, 21, 21, 198, 42, 196, 73, 55, 95, 21, 21, 182, 42, 74, 25, 73, 507, 21, 21, 74, 43, 98, 44, 38, 21, 43, 98, 25, 249, 119, 73, 104, 21, 21, 505, 21, 21, 65, 103, 97, 46, 39, 119, 73, 21, 21, 27, 21, 21, 21, 131, 49, 19, 50, 95, 209, 104, 506, 21, 21, 21, 21, 79, 21, 38, 131, 88, 99, 102, 104, 119, 120, 21, 21, 21, 21, 21, 42, 92, 97, 102, 53, 25, 21, 21, 61, 21, 135, 21, 21, 103, 139, 25, 53, 21, 21, 96, 21, 21, 21, 12, 102, 46, 102, 53, 21, 54, 21, 21, 21, 137, 21, 50, 25, 102, 61, 96, 34, 21, 21, 136, 21, 25, 21, 102, 95]
175 tests cover less than 20 methods.