INFO: Printing statistics for project C:\study\SWDiag\sharedFolder_UbuntuVM\MA\pit_data\commons-geometry
DEBUG: Imported 737 methods.
DEBUG: Imported 643 tests.
69 tests cover at least 100 methods.
		10217 faults cause at least 20 failures.
		10836 faults cause at least 10 failures.
		11188 faults cause at least 5 failures.
		138 faults cause less than 5 failures.
	A Failure has on average 164.14492753623188 underlying possible faults.
	[205, 223, 188, 137, 217, 148, 137, 205, 125, 187, 113, 106, 115, 203, 84, 137, 134, 124, 243, 145, 208, 102, 241, 102, 104, 167, 196, 147, 213, 209, 133, 215, 131, 151, 196, 96, 139, 213, 185, 103, 190, 93, 202, 161, 208, 218, 216, 125, 205, 154, 129, 131, 108, 147, 222, 223, 207, 129, 196, 208, 218, 135, 206, 66, 197, 139, 200, 134, 132]
124 tests cover at least 60 methods.
		13817 faults cause at least 20 failures.
		14630 faults cause at least 10 failures.
		15011 faults cause at least 5 failures.
		161 faults cause less than 5 failures.
	A Failure has on average 122.35483870967742 underlying possible faults.
	[205, 59, 57, 223, 188, 137, 67, 62, 217, 58, 66, 74, 65, 101, 148, 59, 137, 95, 89, 64, 85, 205, 66, 79, 59, 74, 59, 74, 88, 88, 54, 125, 187, 113, 106, 59, 115, 56, 203, 73, 84, 66, 137, 134, 124, 243, 145, 208, 102, 241, 102, 57, 104, 167, 196, 55, 147, 100, 55, 69, 213, 209, 133, 215, 89, 59, 91, 77, 131, 151, 196, 84, 96, 70, 139, 213, 58, 185, 103, 85, 190, 93, 202, 56, 161, 208, 218, 216, 54, 56, 125, 205, 154, 129, 56, 131, 108, 83, 147, 91, 74, 222, 60, 223, 207, 129, 196, 208, 218, 65, 58, 135, 206, 66, 86, 197, 56, 139, 58, 57, 200, 134, 132, 91]
156 tests cover at least 40 methods.
		15286 faults cause at least 20 failures.
		16207 faults cause at least 10 failures.
		16615 faults cause at least 5 failures.
		180 faults cause less than 5 failures.
	A Failure has on average 107.66025641025641 underlying possible faults.
	[205, 59, 57, 223, 188, 137, 67, 62, 217, 58, 60, 66, 74, 65, 101, 148, 59, 137, 95, 89, 64, 24, 85, 205, 66, 51, 79, 59, 74, 59, 74, 88, 88, 54, 125, 187, 113, 106, 37, 60, 59, 115, 56, 203, 73, 84, 40, 55, 66, 137, 134, 124, 243, 145, 34, 208, 102, 68, 241, 102, 64, 57, 104, 167, 196, 55, 147, 100, 55, 69, 213, 209, 133, 215, 89, 56, 53, 59, 47, 91, 77, 58, 131, 151, 196, 84, 96, 70, 139, 213, 58, 185, 103, 85, 190, 93, 202, 56, 161, 208, 218, 216, 54, 56, 125, 205, 56, 64, 154, 47, 129, 56, 55, 131, 56, 108, 83, 34, 147, 91, 74, 222, 60, 223, 56, 62, 207, 38, 129, 196, 56, 208, 218, 65, 58, 54, 135, 206, 66, 43, 86, 197, 56, 58, 139, 58, 57, 51, 54, 200, 134, 132, 52, 54, 91, 26]
219 tests cover at least 20 methods.
		16707 faults cause at least 20 failures.
		17747 faults cause at least 10 failures.
		18248 faults cause at least 5 failures.
		239 faults cause less than 5 failures.
	A Failure has on average 84.41552511415524 underlying possible faults.
	[205, 26, 13, 59, 57, 223, 33, 50, 188, 29, 137, 19, 67, 30, 29, 62, 217, 58, 60, 31, 66, 74, 65, 101, 25, 148, 59, 137, 95, 89, 64, 24, 85, 205, 66, 51, 29, 79, 59, 74, 59, 26, 74, 88, 88, 54, 125, 187, 113, 34, 42, 31, 106, 27, 37, 60, 59, 36, 36, 115, 56, 21, 203, 73, 84, 40, 37, 55, 66, 137, 134, 124, 28, 243, 145, 34, 208, 102, 68, 241, 102, 15, 64, 57, 27, 104, 167, 21, 21, 196, 38, 55, 147, 13, 100, 55, 69, 213, 209, 133, 215, 17, 22, 89, 56, 53, 59, 47, 91, 18, 77, 30, 58, 131, 151, 16, 196, 84, 96, 70, 139, 38, 213, 58, 185, 19, 103, 85, 190, 93, 202, 56, 25, 16, 21, 27, 161, 208, 218, 26, 216, 19, 54, 56, 31, 15, 125, 205, 56, 64, 31, 154, 47, 129, 56, 26, 55, 131, 56, 108, 24, 17, 83, 34, 21, 147, 91, 34, 38, 74, 222, 36, 60, 223, 56, 62, 34, 207, 38, 129, 27, 196, 56, 41, 30, 208, 218, 25, 65, 58, 31, 17, 54, 135, 206, 15, 29, 66, 43, 32, 86, 197, 30, 56, 58, 139, 58, 57, 27, 51, 54, 200, 134, 132, 52, 20, 54, 91, 26]
424 tests cover less than 20 methods.