INFO: Printing statistics for project C:\study\SWDiag\sharedFolder_UbuntuVM\MA\pit_data\commons-lang
DEBUG: Imported 2786 methods.
DEBUG: Imported 3922 tests.
0 tests cover at least 100 methods.
29 tests cover at least 60 methods.
		1262 faults cause at least 20 failures.
		1303 faults cause at least 10 failures.
		1330 faults cause at least 5 failures.
		139 faults cause less than 5 failures.
	A Failure has on average 50.6551724137931 underlying possible faults.
	[43, 39, 27, 56, 54, 56, 56, 27, 54, 51, 56, 100, 54, 48, 56, 55, 54, 27, 54, 54, 39, 56, 45, 28, 55, 56, 56, 57, 56]
82 tests cover at least 40 methods.
		2788 faults cause at least 20 failures.
		3674 faults cause at least 10 failures.
		3837 faults cause at least 5 failures.
		248 faults cause less than 5 failures.
	A Failure has on average 49.81707317073171 underlying possible faults.
	[90, 29, 49, 41, 43, 39, 27, 46, 10, 72, 36, 93, 43, 56, 93, 54, 56, 47, 93, 41, 56, 56, 49, 27, 54, 51, 41, 51, 56, 90, 25, 100, 38, 54, 17, 48, 48, 56, 55, 10, 14, 93, 24, 54, 53, 27, 43, 27, 54, 54, 39, 54, 90, 41, 41, 32, 38, 56, 33, 45, 42, 33, 28, 42, 38, 38, 90, 10, 32, 58, 45, 55, 56, 38, 96, 56, 85, 57, 50, 37, 91, 56]
1098 tests cover at least 20 methods.
		25895 faults cause at least 20 failures.
		27862 faults cause at least 10 failures.
		28764 faults cause at least 5 failures.
		824 faults cause less than 5 failures.
	A Failure has on average 26.947176684881605 underlying possible faults.
	[33, 24, 24, 24, 26, 20, 90, 30, 37, 29, 24, 24, 24, 26, 40, 17, 22, 24, 24, 23, 38, 49, 24, 24, 37, 26, 24, 24, 20, 24, 24, 26, 24, 28, 22, 24, 24, 41, 28, 24, 24, 29, 24, 24, 24, 10, 43, 24, 24, 24, 24, 39, 24, 24, 23, 24, 24, 27, 30, 24, 24, 27, 30, 46, 16, 24, 24, 24, 10, 24, 33, 30, 24, 24, 23, 22, 72, 36, 24, 46, 24, 93, 24, 24, 37, 21, 24, 24, 24, 24, 24, 16, 22, 26, 43, 24, 24, 56, 24, 24, 16, 93, 7, 24, 24, 24, 24, 24, 24, 24, 22, 24, 24, 26, 24, 28, 24, 22, 24, 26, 24, 21, 24, 24, 19, 24, 24, 24, 27, 24, 24, 30, 41, 43, 41, 23, 24, 54, 16, 24, 21, 24, 24, 24, 23, 27, 56, 24, 24, 25, 24, 24, 45, 47, 24, 24, 20, 24, 27, 26, 28, 24, 24, 24, 24, 32, 93, 24, 24, 28, 24, 24, 18, 23, 24, 24, 24, 24, 25, 24, 24, 24, 29, 22, 26, 24, 24, 40, 24, 21, 23, 24, 24, 43, 24, 24, 27, 24, 24, 26, 24, 24, 24, 31, 22, 24, 25, 24, 24, 21, 16, 19, 32, 24, 24, 27, 24, 24, 26, 24, 39, 27, 24, 24, 34, 25, 24, 16, 24, 41, 24, 26, 24, 24, 26, 24, 24, 26, 26, 24, 40, 23, 24, 24, 17, 24, 24, 23, 7, 24, 21, 59, 14, 26, 26, 56, 24, 24, 24, 56, 24, 24, 24, 11, 49, 24, 24, 27, 25, 24, 33, 16, 43, 41, 24, 24, 24, 24, 29, 24, 27, 24, 24, 24, 19, 29, 24, 24, 24, 10, 24, 24, 24, 24, 24, 24, 24, 24, 24, 24, 24, 28, 27, 21, 24, 24, 23, 24, 24, 24, 24, 24, 16, 47, 24, 24, 24, 24, 24, 24, 38, 24, 24, 6, 24, 42, 17, 32, 24, 24, 27, 54, 14, 24, 24, 24, 24, 4, 27, 24, 24, 24, 24, 51, 41, 24, 24, 51, 37, 26, 37, 24, 24, 40, 24, 34, 24, 24, 33, 16, 24, 24, 28, 25, 24, 24, 40, 30, 24, 24, 33, 48, 24, 24, 25, 24, 18, 26, 45, 24, 24, 25, 24, 56, 90, 24, 24, 24, 23, 24, 24, 25, 24, 22, 24, 30, 100, 24, 24, 24, 24, 24, 24, 23, 18, 24, 25, 24, 24, 24, 24, 24, 24, 19, 24, 24, 33, 24, 24, 24, 28, 24, 25, 24, 24, 39, 45, 24, 24, 16, 24, 38, 24, 40, 23, 18, 24, 24, 10, 24, 31, 16, 7, 24, 24, 24, 24, 28, 47, 24, 24, 24, 37, 24, 24, 37, 24, 24, 24, 24, 20, 34, 24, 25, 24, 26, 24, 24, 16, 24, 24, 24, 24, 24, 24, 26, 24, 24, 54, 24, 16, 22, 24, 17, 24, 24, 26, 32, 33, 36, 24, 36, 32, 32, 24, 25, 24, 16, 24, 28, 19, 24, 24, 28, 17, 24, 12, 24, 24, 38, 24, 24, 34, 22, 40, 24, 24, 38, 24, 41, 43, 24, 24, 24, 26, 24, 37, 24, 24, 22, 48, 35, 24, 24, 24, 19, 43, 24, 24, 17, 33, 24, 24, 24, 7, 27, 24, 24, 24, 40, 24, 24, 24, 24, 18, 38, 24, 24, 24, 48, 21, 25, 24, 24, 24, 56, 40, 24, 24, 55, 24, 24, 24, 24, 24, 24, 25, 6, 10, 25, 24, 24, 24, 24, 24, 24, 44, 24, 25, 24, 20, 24, 16, 25, 24, 20, 24, 24, 24, 24, 24, 24, 24, 29, 19, 14, 9, 24, 24, 27, 24, 24, 24, 93, 28, 24, 24, 24, 24, 33, 25, 24, 24, 54, 24, 53, 24, 24, 24, 24, 30, 24, 24, 24, 11, 16, 24, 27, 34, 43, 24, 37, 22, 24, 24, 24, 27, 24, 27, 23, 24, 24, 19, 33, 21, 26, 24, 54, 24, 24, 34, 24, 34, 11, 54, 26, 24, 24, 24, 24, 39, 21, 24, 24, 20, 22, 38, 24, 24, 39, 24, 24, 25, 24, 24, 25, 23, 24, 24, 24, 24, 24, 24, 21, 23, 24, 24, 24, 24, 54, 24, 24, 19, 24, 24, 24, 21, 90, 24, 24, 24, 24, 22, 24, 24, 41, 24, 24, 24, 24, 24, 28, 24, 24, 16, 24, 24, 31, 19, 24, 24, 24, 24, 24, 24, 47, 28, 24, 29, 24, 24, 24, 24, 44, 28, 24, 18, 24, 20, 24, 18, 24, 24, 16, 24, 41, 24, 34, 24, 32, 37, 24, 23, 24, 41, 24, 24, 25, 24, 8, 24, 28, 32, 22, 24, 11, 14, 24, 24, 24, 24, 38, 26, 24, 43, 35, 24, 32, 24, 27, 23, 25, 24, 39, 26, 24, 24, 56, 37, 24, 24, 27, 24, 33, 45, 42, 33, 24, 28, 42, 38, 38, 24, 24, 24, 24, 24, 24, 24, 24, 24, 24, 21, 34, 24, 24, 24, 24, 10, 45, 24, 24, 24, 24, 23, 37, 26, 24, 24, 24, 24, 34, 16, 24, 24, 24, 25, 24, 24, 24, 24, 24, 27, 24, 24, 24, 24, 24, 34, 90, 25, 24, 24, 24, 24, 10, 24, 24, 24, 19, 24, 24, 32, 17, 24, 25, 58, 24, 24, 24, 17, 10, 42, 24, 37, 24, 24, 24, 24, 24, 24, 27, 24, 24, 45, 24, 22, 22, 29, 28, 24, 44, 17, 25, 24, 37, 24, 7, 24, 24, 18, 24, 24, 45, 46, 25, 40, 24, 24, 24, 24, 24, 37, 24, 24, 24, 27, 55, 24, 24, 12, 24, 56, 24, 24, 33, 24, 24, 16, 38, 24, 26, 24, 24, 24, 29, 24, 24, 24, 31, 34, 34, 24, 40, 24, 24, 24, 24, 24, 24, 37, 32, 24, 24, 24, 24, 24, 24, 24, 40, 24, 24, 42, 96, 24, 30, 27, 23, 24, 24, 24, 21, 24, 24, 33, 56, 29, 41, 24, 22, 24, 24, 24, 39, 24, 24, 24, 24, 24, 24, 28, 24, 24, 24, 25, 24, 21, 40, 32, 37, 24, 18, 24, 24, 26, 24, 24, 24, 24, 24, 24, 85, 57, 14, 29, 39, 24, 24, 24, 16, 24, 24, 21, 25, 24, 24, 24, 25, 13, 22, 39, 24, 24, 24, 16, 40, 24, 17, 24, 24, 24, 24, 24, 43, 16, 50, 37, 24, 24, 24, 25, 24, 24, 25, 27, 24, 34, 24, 35, 24, 91, 24, 24, 20, 26, 56, 24, 1, 24, 24, 24, 24, 22, 24, 37, 18, 6, 24, 24, 24, 24, 29, 24, 24, 24, 37, 24, 24]
2824 tests cover less than 20 methods.