INFO: Printing statistics for project C:\study\SWDiag\sharedFolder_UbuntuVM\MA\pit_data\geometry-api-java
DEBUG: Imported 3532 methods.
DEBUG: Imported 404 tests.
282 tests cover at least 100 methods.
		52092 faults cause at least 20 failures.
		57140 faults cause at least 10 failures.
		59969 faults cause at least 5 failures.
		1942 faults cause less than 5 failures.
	A Failure has on average 219.54255319148936 underlying possible faults.
	[231, 340, 337, 238, 123, 256, 351, 122, 155, 87, 115, 631, 162, 143, 97, 53, 55, 192, 109, 84, 80, 507, 154, 224, 99, 166, 205, 239, 356, 379, 643, 202, 181, 194, 291, 192, 187, 561, 205, 208, 451, 77, 230, 114, 104, 185, 112, 140, 159, 110, 121, 111, 123, 92, 118, 85, 106, 127, 396, 468, 95, 86, 82, 70, 206, 173, 187, 179, 334, 182, 185, 303, 237, 154, 124, 153, 87, 497, 98, 115, 286, 166, 147, 69, 137, 136, 128, 145, 58, 58, 231, 250, 222, 120, 380, 229, 156, 101, 122, 306, 211, 203, 133, 416, 427, 350, 579, 74, 138, 283, 380, 362, 134, 388, 129, 279, 108, 58, 127, 104, 66, 222, 176, 90, 125, 519, 641, 127, 208, 187, 125, 236, 77, 111, 145, 117, 146, 174, 427, 395, 523, 193, 66, 172, 93, 456, 125, 190, 539, 101, 147, 255, 96, 100, 641, 408, 95, 154, 132, 81, 146, 266, 320, 738, 148, 88, 130, 136, 213, 76, 145, 116, 131, 134, 226, 121, 154, 400, 172, 211, 414, 122, 632, 147, 294, 68, 113, 100, 98, 142, 389, 393, 131, 446, 76, 168, 285, 97, 118, 389, 132, 319, 46, 351, 123, 415, 336, 423, 206, 206, 476, 127, 355, 298, 68, 70, 147, 327, 162, 167, 181, 179, 226, 395, 73, 103, 182, 274, 57, 89, 139, 468, 334, 192, 126, 125, 467, 463, 77, 151, 66, 173, 690, 168, 109, 113, 432, 202, 427, 106, 283, 353, 440, 433, 107, 188, 479, 263, 229, 194, 212, 114, 159, 463, 465, 126, 448, 77, 399, 592, 457, 133, 106, 105, 225, 110, 370, 103, 110, 438, 86, 69]
336 tests cover at least 60 methods.
		55215 faults cause at least 20 failures.
		60599 faults cause at least 10 failures.
		63637 faults cause at least 5 failures.
		2134 faults cause less than 5 failures.
	A Failure has on average 195.7470238095238 underlying possible faults.
	[231, 340, 337, 238, 123, 256, 351, 122, 155, 87, 67, 74, 115, 631, 73, 162, 143, 97, 53, 55, 192, 109, 84, 80, 507, 154, 224, 92, 99, 166, 205, 239, 356, 379, 643, 202, 181, 194, 291, 192, 187, 85, 561, 205, 46, 99, 208, 86, 451, 77, 230, 114, 104, 185, 112, 140, 159, 52, 110, 55, 121, 49, 84, 111, 123, 92, 118, 84, 85, 106, 127, 396, 79, 468, 95, 86, 59, 82, 70, 206, 86, 173, 187, 179, 83, 334, 182, 185, 303, 237, 154, 124, 153, 87, 60, 46, 54, 497, 98, 115, 286, 166, 74, 147, 69, 64, 99, 137, 136, 60, 128, 145, 58, 58, 231, 250, 222, 120, 43, 380, 229, 156, 101, 122, 306, 211, 203, 133, 416, 427, 350, 579, 74, 138, 108, 283, 380, 362, 134, 388, 129, 279, 108, 58, 127, 84, 104, 66, 222, 176, 90, 125, 519, 641, 127, 208, 187, 125, 236, 77, 111, 145, 117, 146, 174, 427, 62, 395, 523, 73, 193, 66, 172, 93, 78, 456, 125, 190, 539, 101, 147, 255, 96, 88, 100, 641, 408, 95, 154, 132, 81, 77, 83, 146, 266, 75, 320, 738, 148, 88, 130, 136, 213, 76, 145, 116, 131, 134, 226, 121, 154, 400, 172, 211, 414, 122, 632, 147, 68, 294, 68, 113, 57, 100, 98, 47, 76, 142, 54, 389, 131, 393, 131, 446, 76, 168, 285, 93, 97, 118, 70, 389, 132, 319, 46, 351, 123, 415, 336, 423, 72, 206, 206, 476, 127, 60, 355, 298, 68, 70, 147, 327, 162, 167, 181, 179, 226, 79, 75, 395, 73, 103, 84, 182, 274, 57, 89, 139, 468, 334, 82, 192, 75, 126, 125, 467, 463, 77, 151, 66, 173, 690, 168, 109, 113, 432, 51, 202, 427, 38, 106, 95, 283, 353, 440, 433, 107, 188, 479, 263, 229, 194, 212, 114, 159, 463, 465, 126, 448, 77, 399, 592, 457, 133, 0, 106, 105, 225, 110, 370, 103, 110, 438, 72, 86, 69]
359 tests cover at least 40 methods.
		55966 faults cause at least 20 failures.
		61422 faults cause at least 10 failures.
		64544 faults cause at least 5 failures.
		2176 faults cause less than 5 failures.
	A Failure has on average 185.84958217270196 underlying possible faults.
	[231, 340, 337, 238, 33, 123, 256, 351, 122, 155, 87, 67, 74, 115, 631, 73, 162, 143, 97, 53, 55, 192, 109, 84, 80, 507, 154, 43, 224, 92, 99, 166, 205, 239, 356, 379, 643, 202, 28, 181, 194, 291, 192, 187, 85, 561, 205, 46, 99, 208, 86, 451, 77, 230, 114, 104, 185, 112, 140, 57, 159, 52, 110, 55, 121, 49, 84, 111, 123, 92, 118, 84, 85, 106, 16, 127, 396, 79, 468, 39, 95, 86, 59, 82, 70, 206, 86, 173, 187, 179, 83, 334, 182, 185, 303, 237, 154, 124, 153, 87, 60, 46, 54, 497, 98, 115, 286, 166, 74, 147, 46, 69, 64, 99, 137, 136, 60, 128, 145, 35, 58, 58, 231, 250, 222, 120, 43, 380, 229, 37, 156, 101, 122, 33, 47, 306, 211, 64, 203, 133, 416, 427, 350, 579, 74, 138, 108, 283, 380, 362, 134, 388, 129, 279, 108, 58, 127, 84, 104, 66, 222, 176, 90, 125, 519, 641, 127, 208, 187, 125, 236, 77, 111, 145, 117, 146, 174, 427, 62, 395, 523, 73, 193, 66, 172, 93, 78, 456, 125, 190, 539, 101, 147, 255, 96, 88, 57, 100, 641, 408, 95, 154, 132, 81, 77, 35, 83, 146, 266, 75, 320, 738, 148, 88, 130, 136, 213, 76, 145, 116, 131, 38, 134, 226, 121, 154, 400, 172, 211, 414, 122, 632, 147, 68, 294, 68, 113, 57, 100, 98, 47, 76, 142, 54, 389, 131, 59, 393, 131, 40, 446, 76, 5, 168, 285, 93, 97, 118, 70, 389, 132, 319, 46, 351, 123, 415, 336, 423, 72, 206, 56, 206, 476, 127, 60, 355, 298, 68, 70, 147, 327, 162, 167, 181, 179, 226, 79, 75, 395, 47, 73, 103, 84, 182, 274, 57, 89, 139, 468, 334, 82, 192, 75, 126, 125, 467, 463, 77, 151, 66, 173, 690, 168, 109, 113, 432, 51, 202, 427, 38, 106, 95, 56, 283, 353, 440, 433, 107, 188, 479, 263, 229, 194, 212, 114, 159, 463, 465, 126, 448, 51, 77, 399, 592, 457, 133, 0, 106, 27, 105, 225, 110, 370, 103, 110, 438, 72, 86, 69]
385 tests cover at least 20 methods.
		56515 faults cause at least 20 failures.
		62027 faults cause at least 10 failures.
		65213 faults cause at least 5 failures.
		2263 faults cause less than 5 failures.
	A Failure has on average 175.26233766233767 underlying possible faults.
	[231, 340, 337, 238, 33, 123, 256, 351, 122, 155, 87, 67, 74, 115, 631, 73, 162, 143, 97, 53, 55, 192, 109, 84, 80, 507, 37, 154, 43, 224, 92, 99, 166, 205, 239, 356, 379, 36, 643, 202, 28, 181, 194, 291, 192, 187, 26, 85, 561, 205, 46, 99, 208, 86, 451, 38, 77, 230, 114, 104, 185, 112, 140, 57, 159, 52, 110, 55, 121, 49, 84, 111, 123, 92, 118, 84, 85, 106, 27, 35, 16, 127, 396, 79, 468, 39, 95, 86, 59, 82, 70, 206, 86, 173, 187, 179, 83, 334, 182, 185, 303, 12, 237, 154, 124, 153, 87, 60, 41, 46, 54, 497, 98, 115, 286, 166, 74, 147, 46, 69, 64, 99, 137, 136, 60, 128, 145, 35, 58, 58, 231, 250, 222, 120, 43, 380, 229, 37, 156, 101, 122, 33, 21, 47, 306, 211, 64, 50, 203, 133, 416, 427, 350, 579, 74, 138, 108, 283, 380, 362, 134, 388, 129, 279, 108, 58, 127, 84, 104, 66, 222, 176, 90, 125, 519, 641, 27, 127, 208, 187, 125, 236, 77, 111, 145, 117, 146, 174, 427, 62, 395, 523, 73, 32, 193, 66, 172, 26, 93, 23, 78, 456, 125, 190, 539, 101, 147, 255, 96, 88, 57, 100, 641, 408, 95, 154, 132, 81, 77, 35, 83, 146, 266, 75, 320, 738, 148, 88, 130, 136, 213, 76, 145, 116, 131, 38, 134, 226, 121, 154, 400, 172, 211, 414, 122, 632, 147, 68, 294, 68, 113, 57, 100, 98, 47, 76, 142, 54, 389, 131, 59, 393, 131, 28, 35, 40, 446, 76, 5, 19, 168, 285, 93, 97, 118, 70, 389, 132, 319, 46, 351, 123, 415, 336, 423, 72, 206, 56, 206, 476, 127, 60, 355, 298, 68, 70, 147, 327, 162, 167, 181, 179, 226, 79, 75, 395, 47, 73, 103, 84, 27, 182, 274, 57, 89, 14, 25, 139, 26, 26, 468, 334, 82, 192, 75, 126, 125, 467, 463, 44, 77, 151, 66, 173, 14, 690, 168, 109, 113, 432, 51, 202, 427, 38, 106, 95, 56, 283, 353, 440, 37, 433, 107, 188, 479, 263, 229, 194, 212, 114, 159, 463, 465, 126, 448, 51, 30, 77, 399, 592, 457, 133, 0, 106, 27, 105, 225, 110, 370, 103, 110, 438, 72, 86, 69]
19 tests cover less than 20 methods.