INFO: Printing statistics for project C:\study\SWDiag\sharedFolder_UbuntuVM\MA\pit_data\google-http-java-client
DEBUG: Imported 1365 methods.
DEBUG: Imported 635 tests.
35 tests cover at least 100 methods.
		2792 faults cause at least 20 failures.
		3012 faults cause at least 10 failures.
		3140 faults cause at least 5 failures.
		134 faults cause less than 5 failures.
	A Failure has on average 93.54285714285714 underlying possible faults.
	[109, 80, 103, 108, 110, 72, 58, 97, 104, 63, 105, 54, 56, 58, 114, 106, 109, 100, 64, 106, 110, 87, 105, 90, 106, 81, 85, 110, 111, 115, 99, 72, 110, 103, 114]
161 tests cover at least 60 methods.
		11029 faults cause at least 20 failures.
		11721 faults cause at least 10 failures.
		12138 faults cause at least 5 failures.
		363 faults cause less than 5 failures.
	A Failure has on average 77.64596273291926 underlying possible faults.
	[86, 52, 109, 49, 80, 58, 72, 69, 103, 70, 99, 60, 44, 105, 51, 108, 101, 110, 72, 57, 58, 102, 50, 95, 69, 54, 60, 97, 57, 104, 84, 79, 63, 105, 83, 98, 54, 95, 84, 56, 53, 58, 49, 71, 114, 69, 84, 56, 57, 53, 52, 107, 86, 87, 106, 99, 75, 83, 66, 73, 72, 109, 105, 83, 95, 49, 50, 19, 66, 70, 67, 100, 64, 44, 102, 106, 101, 106, 53, 68, 110, 87, 79, 106, 67, 98, 105, 90, 83, 74, 78, 73, 96, 106, 71, 68, 66, 98, 72, 55, 89, 68, 71, 74, 81, 55, 83, 78, 74, 78, 85, 71, 94, 54, 67, 72, 55, 110, 89, 38, 69, 68, 67, 51, 74, 107, 108, 86, 78, 111, 59, 115, 70, 99, 70, 72, 110, 99, 60, 68, 84, 96, 48, 71, 52, 93, 70, 103, 54, 114, 61, 54, 75, 54, 68, 67, 72, 93, 65, 95, 74]
214 tests cover at least 40 methods.
		12974 faults cause at least 20 failures.
		13860 faults cause at least 10 failures.
		14364 faults cause at least 5 failures.
		435 faults cause less than 5 failures.
	A Failure has on average 69.15420560747664 underlying possible faults.
	[32, 86, 52, 58, 18, 109, 49, 80, 58, 72, 69, 103, 70, 55, 99, 60, 44, 17, 105, 51, 108, 101, 110, 72, 64, 57, 58, 102, 50, 95, 36, 69, 36, 54, 60, 97, 57, 104, 84, 79, 63, 105, 37, 83, 64, 37, 98, 54, 54, 50, 95, 52, 84, 56, 17, 53, 58, 17, 16, 48, 49, 38, 71, 114, 69, 84, 47, 62, 56, 57, 34, 16, 53, 52, 107, 86, 54, 49, 87, 106, 99, 75, 46, 83, 66, 62, 73, 72, 109, 105, 83, 40, 95, 49, 50, 19, 66, 70, 67, 63, 100, 64, 44, 102, 106, 101, 106, 38, 53, 68, 110, 87, 79, 106, 67, 98, 55, 105, 90, 83, 74, 78, 73, 32, 96, 106, 71, 68, 66, 66, 58, 98, 72, 55, 89, 68, 71, 74, 81, 55, 83, 78, 74, 78, 38, 85, 30, 71, 35, 94, 54, 67, 72, 55, 110, 89, 38, 69, 30, 68, 67, 46, 35, 51, 74, 107, 49, 108, 86, 58, 78, 111, 59, 115, 70, 99, 35, 70, 72, 64, 110, 99, 60, 68, 39, 84, 96, 35, 64, 48, 71, 52, 93, 70, 103, 54, 114, 49, 61, 54, 75, 54, 37, 59, 35, 68, 67, 57, 72, 93, 65, 35, 95, 74]
373 tests cover at least 20 methods.
		16558 faults cause at least 20 failures.
		17944 faults cause at least 10 failures.
		18729 faults cause at least 5 failures.
		619 faults cause less than 5 failures.
	A Failure has on average 51.871313672922255 underlying possible faults.
	[32, 86, 52, 58, 14, 18, 109, 22, 40, 49, 80, 58, 25, 25, 72, 15, 69, 103, 22, 70, 41, 55, 99, 60, 44, 28, 38, 32, 17, 30, 105, 51, 13, 108, 33, 101, 110, 72, 36, 36, 64, 37, 24, 57, 58, 33, 102, 37, 50, 95, 36, 69, 36, 54, 60, 31, 97, 57, 104, 84, 79, 32, 63, 105, 37, 83, 36, 64, 37, 98, 54, 33, 54, 50, 35, 39, 95, 52, 84, 38, 32, 56, 17, 53, 58, 17, 16, 37, 30, 36, 48, 49, 38, 71, 19, 44, 30, 114, 33, 69, 84, 47, 62, 56, 32, 57, 34, 14, 16, 53, 52, 30, 107, 86, 15, 38, 54, 49, 42, 22, 25, 87, 106, 14, 15, 99, 75, 46, 83, 66, 17, 19, 62, 40, 73, 72, 35, 109, 37, 58, 105, 22, 41, 83, 40, 31, 95, 33, 49, 50, 19, 26, 66, 70, 67, 33, 63, 21, 11, 37, 35, 12, 100, 27, 64, 44, 18, 102, 38, 106, 101, 15, 106, 38, 31, 53, 31, 22, 68, 110, 87, 39, 79, 31, 106, 67, 38, 98, 55, 105, 90, 83, 18, 74, 15, 33, 78, 34, 30, 27, 73, 32, 96, 106, 71, 68, 31, 66, 33, 23, 36, 66, 39, 58, 98, 30, 72, 55, 89, 68, 71, 74, 81, 38, 15, 55, 83, 78, 74, 17, 78, 38, 26, 85, 30, 33, 25, 71, 35, 25, 15, 94, 26, 26, 54, 22, 67, 43, 24, 24, 72, 55, 17, 34, 110, 24, 46, 27, 23, 89, 38, 28, 69, 30, 16, 29, 31, 39, 68, 67, 46, 17, 35, 42, 42, 51, 74, 40, 107, 30, 49, 38, 18, 108, 86, 58, 19, 31, 78, 111, 31, 59, 16, 115, 14, 40, 33, 70, 99, 35, 70, 72, 24, 64, 28, 110, 99, 30, 36, 18, 60, 68, 29, 39, 39, 84, 96, 41, 35, 64, 17, 34, 19, 48, 71, 52, 32, 93, 70, 38, 103, 54, 29, 114, 22, 17, 15, 49, 33, 21, 61, 24, 54, 28, 75, 33, 54, 37, 59, 35, 68, 67, 23, 57, 37, 72, 23, 31, 39, 93, 24, 65, 31, 35, 95, 14, 37, 28, 74, 29, 13, 22, 27]
262 tests cover less than 20 methods.