INFO: Printing statistics for project C:\study\SWDiag\sharedFolder_UbuntuVM\MA\pit_data\gson
DEBUG: Imported 673 methods.
DEBUG: Imported 1036 tests.
105 tests cover at least 100 methods.
		8968 faults cause at least 20 failures.
		9179 faults cause at least 10 failures.
		9273 faults cause at least 5 failures.
		72 faults cause less than 5 failures.
	A Failure has on average 89.0 underlying possible faults.
	[110, 121, 71, 71, 86, 181, 73, 87, 154, 132, 72, 80, 103, 90, 69, 92, 101, 85, 84, 82, 92, 69, 80, 101, 71, 80, 68, 80, 103, 92, 88, 135, 70, 66, 103, 99, 78, 79, 87, 95, 106, 73, 68, 72, 73, 63, 94, 87, 81, 108, 64, 68, 104, 54, 80, 65, 92, 104, 116, 78, 69, 88, 135, 95, 67, 76, 87, 90, 80, 101, 123, 96, 74, 86, 92, 70, 68, 108, 74, 66, 104, 91, 99, 86, 71, 105, 76, 66, 71, 90, 88, 104, 114, 142, 101, 87, 97, 79, 71, 87, 118, 103, 86, 61, 73]
479 tests cover at least 60 methods.
		27221 faults cause at least 20 failures.
		27820 faults cause at least 10 failures.
		28116 faults cause at least 5 failures.
		210 faults cause less than 5 failures.
	A Failure has on average 59.135699373695196 underlying possible faults.
	[110, 40, 121, 71, 57, 71, 60, 86, 57, 59, 53, 43, 69, 181, 44, 44, 39, 52, 40, 73, 44, 59, 59, 38, 48, 87, 28, 42, 41, 69, 69, 56, 50, 73, 54, 154, 45, 132, 50, 65, 52, 55, 46, 55, 50, 35, 45, 40, 65, 72, 58, 54, 46, 80, 61, 60, 62, 61, 66, 103, 28, 68, 52, 90, 69, 54, 69, 32, 50, 62, 50, 42, 40, 38, 92, 58, 101, 85, 84, 82, 54, 64, 66, 36, 55, 51, 45, 46, 56, 92, 66, 40, 45, 69, 61, 80, 30, 45, 57, 55, 62, 39, 101, 61, 53, 50, 59, 67, 44, 35, 43, 71, 61, 80, 60, 54, 68, 29, 48, 80, 44, 103, 41, 70, 56, 92, 88, 55, 57, 48, 47, 61, 59, 135, 42, 70, 66, 103, 99, 27, 44, 61, 26, 42, 50, 51, 62, 47, 41, 54, 60, 46, 60, 34, 63, 47, 39, 48, 78, 79, 40, 49, 62, 87, 70, 52, 95, 62, 37, 44, 79, 106, 73, 53, 68, 66, 57, 55, 48, 56, 51, 67, 60, 47, 49, 72, 43, 73, 62, 44, 56, 63, 94, 49, 44, 44, 87, 58, 42, 63, 81, 108, 46, 55, 43, 64, 35, 68, 53, 104, 54, 58, 44, 80, 44, 59, 68, 27, 56, 57, 45, 40, 44, 46, 75, 58, 58, 58, 60, 68, 27, 46, 65, 63, 44, 39, 46, 62, 92, 33, 47, 42, 104, 49, 35, 45, 71, 42, 53, 55, 116, 78, 69, 66, 88, 51, 36, 135, 64, 48, 42, 63, 38, 42, 44, 55, 49, 63, 45, 55, 50, 95, 24, 43, 29, 72, 56, 62, 61, 54, 59, 29, 57, 60, 74, 67, 76, 63, 76, 53, 43, 47, 64, 57, 53, 43, 63, 73, 87, 65, 90, 40, 49, 60, 45, 40, 68, 27, 30, 41, 34, 44, 42, 37, 40, 59, 68, 57, 68, 80, 50, 40, 101, 37, 43, 123, 58, 96, 74, 43, 86, 39, 27, 70, 64, 53, 47, 40, 47, 92, 76, 61, 70, 45, 40, 46, 53, 68, 31, 108, 39, 45, 74, 40, 54, 66, 46, 63, 104, 41, 61, 48, 57, 39, 41, 62, 58, 39, 65, 91, 99, 86, 59, 40, 71, 48, 48, 42, 69, 60, 68, 105, 76, 34, 65, 66, 58, 58, 71, 90, 77, 88, 57, 36, 63, 57, 41, 104, 39, 76, 39, 44, 52, 50, 40, 43, 114, 46, 142, 45, 38, 47, 45, 56, 53, 57, 56, 32, 34, 29, 60, 57, 52, 29, 63, 53, 60, 25, 55, 54, 40, 52, 101, 87, 42, 50, 49, 45, 47, 42, 65, 40, 28, 55, 46, 97, 79, 42, 62, 52, 35, 56, 46, 71, 73, 53, 40, 44, 87, 67, 118, 64, 42, 67, 39, 65, 48, 103, 86, 39, 58, 72, 61, 73, 60, 21, 61, 52, 40]
649 tests cover at least 40 methods.
		31877 faults cause at least 20 failures.
		32608 faults cause at least 10 failures.
		33049 faults cause at least 5 failures.
		295 faults cause less than 5 failures.
	A Failure has on average 51.377503852080125 underlying possible faults.
	[110, 26, 40, 121, 71, 22, 57, 71, 60, 86, 57, 30, 27, 26, 59, 27, 27, 25, 53, 38, 43, 69, 27, 181, 44, 26, 44, 39, 52, 40, 25, 73, 21, 44, 59, 59, 38, 48, 32, 87, 25, 41, 28, 49, 42, 27, 41, 20, 69, 69, 56, 50, 73, 54, 154, 27, 45, 25, 33, 132, 50, 20, 65, 52, 55, 46, 55, 50, 35, 45, 40, 65, 27, 72, 58, 26, 54, 46, 80, 61, 60, 23, 62, 61, 31, 19, 28, 21, 66, 103, 28, 54, 23, 68, 52, 90, 69, 26, 53, 54, 69, 32, 50, 43, 62, 29, 25, 50, 29, 42, 17, 40, 27, 38, 92, 20, 58, 101, 85, 84, 82, 14, 54, 25, 26, 28, 64, 66, 36, 55, 28, 26, 51, 27, 45, 46, 56, 30, 92, 66, 40, 45, 69, 61, 35, 80, 22, 26, 27, 30, 45, 57, 55, 62, 39, 59, 101, 32, 61, 27, 53, 50, 59, 67, 44, 35, 43, 71, 61, 80, 60, 43, 54, 68, 29, 34, 25, 48, 80, 26, 44, 103, 41, 23, 23, 70, 44, 56, 92, 88, 55, 57, 48, 47, 61, 59, 135, 42, 70, 28, 29, 66, 103, 99, 27, 44, 61, 26, 42, 50, 51, 62, 47, 41, 54, 27, 60, 46, 41, 60, 34, 63, 47, 39, 48, 78, 29, 79, 40, 34, 49, 62, 20, 87, 37, 70, 52, 95, 62, 37, 44, 79, 28, 106, 73, 53, 68, 66, 57, 55, 48, 56, 51, 67, 60, 47, 43, 49, 28, 72, 28, 43, 73, 23, 62, 44, 56, 63, 28, 94, 49, 47, 44, 44, 87, 58, 42, 63, 81, 38, 108, 27, 25, 46, 30, 55, 43, 64, 35, 68, 53, 104, 54, 29, 58, 44, 80, 38, 44, 59, 23, 68, 27, 56, 57, 27, 45, 40, 44, 46, 75, 58, 58, 58, 19, 60, 68, 27, 26, 46, 65, 63, 44, 39, 24, 46, 62, 92, 33, 47, 42, 104, 49, 35, 45, 26, 71, 42, 53, 55, 30, 116, 78, 19, 69, 44, 66, 88, 51, 36, 39, 135, 64, 48, 42, 29, 63, 38, 33, 42, 28, 17, 44, 55, 24, 49, 63, 45, 55, 50, 95, 26, 30, 48, 38, 29, 24, 30, 34, 43, 30, 25, 29, 72, 27, 56, 29, 25, 43, 62, 61, 54, 59, 29, 27, 57, 60, 74, 67, 76, 63, 33, 76, 53, 43, 47, 64, 57, 53, 43, 63, 73, 87, 41, 65, 90, 40, 49, 60, 45, 40, 68, 27, 27, 21, 39, 30, 25, 41, 34, 44, 27, 42, 29, 37, 40, 59, 68, 57, 68, 80, 50, 26, 29, 40, 27, 101, 27, 37, 43, 20, 123, 58, 96, 74, 26, 43, 26, 86, 39, 22, 27, 70, 64, 53, 47, 40, 47, 92, 76, 61, 70, 45, 40, 46, 53, 68, 31, 108, 68, 39, 45, 38, 74, 20, 40, 26, 54, 66, 46, 63, 104, 41, 61, 48, 57, 27, 39, 41, 62, 21, 58, 25, 39, 65, 91, 99, 86, 59, 25, 40, 71, 36, 48, 48, 48, 42, 69, 60, 68, 27, 105, 25, 76, 34, 65, 37, 66, 36, 34, 58, 27, 35, 58, 71, 90, 77, 88, 57, 44, 36, 63, 57, 41, 26, 104, 30, 39, 76, 39, 44, 52, 50, 40, 43, 114, 46, 142, 36, 45, 38, 47, 45, 29, 16, 56, 53, 57, 56, 32, 34, 29, 60, 57, 52, 30, 27, 29, 63, 53, 60, 25, 55, 54, 40, 52, 101, 25, 87, 42, 24, 24, 27, 50, 49, 45, 47, 42, 65, 27, 40, 28, 55, 21, 46, 97, 79, 42, 62, 38, 52, 37, 35, 56, 26, 46, 71, 73, 32, 53, 40, 44, 87, 67, 118, 25, 64, 42, 67, 39, 65, 48, 103, 86, 22, 39, 58, 72, 25, 61, 73, 60, 21, 48, 27, 29, 61, 52, 40]
733 tests cover at least 20 methods.
		33634 faults cause at least 20 failures.
		34470 faults cause at least 10 failures.
		34989 faults cause at least 5 failures.
		348 faults cause less than 5 failures.
	A Failure has on average 48.208731241473394 underlying possible faults.
	[110, 26, 40, 121, 71, 23, 22, 57, 71, 60, 86, 57, 30, 27, 26, 59, 14, 27, 27, 25, 53, 38, 43, 69, 27, 24, 181, 44, 26, 44, 39, 52, 40, 25, 73, 21, 44, 59, 59, 38, 48, 32, 87, 39, 25, 41, 28, 49, 42, 27, 41, 20, 69, 69, 56, 50, 73, 54, 154, 27, 34, 45, 28, 25, 33, 132, 50, 20, 65, 52, 55, 46, 55, 34, 50, 35, 45, 40, 65, 27, 72, 58, 26, 54, 22, 46, 80, 61, 20, 60, 23, 62, 61, 31, 19, 28, 21, 66, 103, 28, 25, 54, 23, 68, 52, 24, 90, 69, 26, 53, 54, 69, 32, 50, 43, 62, 29, 25, 50, 29, 42, 17, 40, 27, 38, 92, 20, 20, 58, 101, 85, 84, 82, 14, 22, 54, 25, 26, 28, 64, 66, 36, 55, 28, 26, 51, 27, 45, 46, 56, 30, 92, 66, 40, 45, 69, 61, 35, 80, 22, 26, 27, 30, 45, 36, 57, 55, 16, 62, 39, 59, 101, 32, 61, 27, 53, 43, 50, 59, 67, 44, 35, 43, 71, 61, 80, 60, 43, 54, 68, 29, 34, 21, 25, 48, 80, 26, 44, 103, 25, 41, 23, 23, 34, 70, 44, 56, 92, 88, 55, 57, 48, 47, 61, 59, 135, 42, 70, 28, 29, 66, 103, 99, 27, 44, 61, 26, 42, 50, 22, 51, 62, 19, 47, 41, 54, 27, 60, 46, 21, 41, 60, 34, 63, 47, 21, 39, 48, 24, 78, 29, 79, 40, 12, 34, 49, 62, 20, 87, 37, 70, 52, 95, 39, 62, 19, 37, 44, 79, 28, 38, 106, 73, 53, 68, 66, 57, 55, 48, 56, 51, 67, 60, 47, 35, 43, 49, 28, 72, 28, 43, 73, 23, 62, 44, 56, 63, 28, 94, 49, 47, 44, 44, 87, 58, 42, 63, 21, 81, 38, 108, 27, 25, 46, 30, 55, 43, 64, 35, 68, 53, 104, 54, 29, 58, 44, 80, 11, 38, 44, 59, 23, 68, 27, 56, 57, 27, 45, 23, 40, 44, 46, 75, 58, 58, 58, 19, 60, 68, 27, 26, 46, 65, 63, 44, 39, 24, 21, 46, 62, 92, 33, 47, 32, 42, 104, 49, 35, 32, 45, 24, 26, 71, 42, 53, 55, 30, 116, 78, 19, 69, 44, 66, 88, 51, 36, 39, 135, 64, 28, 27, 48, 42, 29, 63, 38, 33, 42, 28, 17, 44, 25, 55, 24, 49, 21, 63, 45, 55, 50, 95, 26, 30, 48, 38, 29, 24, 30, 34, 43, 26, 30, 25, 29, 72, 27, 56, 29, 25, 43, 62, 61, 54, 59, 29, 27, 57, 60, 74, 67, 76, 63, 33, 76, 53, 43, 47, 6, 64, 57, 53, 43, 63, 73, 87, 41, 65, 90, 31, 40, 49, 60, 9, 19, 45, 21, 40, 68, 27, 27, 21, 39, 30, 25, 41, 34, 44, 27, 42, 29, 37, 40, 59, 68, 57, 24, 68, 80, 50, 26, 29, 40, 27, 101, 18, 27, 37, 43, 20, 123, 24, 21, 58, 96, 74, 26, 43, 26, 38, 86, 21, 39, 22, 24, 27, 70, 64, 53, 7, 47, 40, 47, 92, 76, 61, 70, 45, 22, 40, 46, 53, 68, 31, 108, 14, 21, 68, 39, 45, 21, 38, 74, 20, 40, 26, 54, 37, 22, 66, 46, 63, 104, 41, 23, 61, 48, 57, 27, 39, 41, 62, 21, 58, 20, 25, 39, 65, 91, 99, 86, 59, 25, 40, 71, 36, 48, 48, 48, 42, 69, 60, 68, 27, 21, 105, 25, 76, 34, 65, 37, 66, 36, 19, 34, 58, 27, 20, 35, 58, 71, 90, 77, 88, 57, 44, 36, 20, 63, 57, 41, 26, 28, 104, 28, 37, 30, 39, 76, 39, 44, 31, 52, 50, 40, 43, 114, 46, 142, 36, 45, 38, 47, 45, 29, 16, 19, 56, 53, 57, 56, 34, 32, 34, 29, 60, 21, 57, 52, 30, 6, 27, 29, 63, 53, 60, 25, 55, 54, 19, 40, 52, 101, 25, 87, 42, 24, 24, 27, 50, 49, 45, 47, 42, 65, 27, 40, 28, 55, 21, 46, 97, 79, 42, 62, 38, 26, 52, 21, 37, 35, 56, 6, 26, 46, 26, 71, 73, 32, 53, 22, 40, 44, 87, 67, 118, 15, 25, 64, 42, 67, 39, 65, 48, 103, 86, 22, 39, 58, 72, 25, 61, 73, 60, 21, 48, 27, 33, 29, 61, 52, 33, 20, 40]
303 tests cover less than 20 methods.