INFO: Printing statistics for project C:\study\SWDiag\sharedFolder_UbuntuVM\MA\pit_data\jfreechart
DEBUG: Imported 6994 methods.
DEBUG: Imported 2133 tests.
179 tests cover at least 100 methods.
		12173 faults cause at least 20 failures.
		13877 faults cause at least 10 failures.
		14568 faults cause at least 5 failures.
		572 faults cause less than 5 failures.
	A Failure has on average 84.58100558659218 underlying possible faults.
	[134, 35, 67, 141, 59, 49, 147, 80, 152, 62, 50, 26, 108, 134, 107, 19, 59, 64, 48, 154, 37, 40, 37, 36, 19, 24, 37, 103, 16, 134, 51, 13, 78, 78, 107, 226, 216, 123, 90, 154, 149, 154, 16, 19, 34, 14, 17, 19, 110, 20, 56, 101, 69, 76, 51, 21, 19, 146, 55, 14, 117, 116, 111, 131, 101, 128, 96, 14, 61, 74, 96, 14, 37, 155, 112, 58, 130, 125, 24, 37, 173, 41, 141, 22, 123, 147, 159, 56, 65, 132, 101, 108, 126, 49, 141, 64, 175, 24, 128, 14, 110, 147, 41, 38, 17, 83, 111, 39, 72, 156, 39, 101, 13, 19, 170, 74, 68, 155, 74, 156, 52, 40, 153, 199, 79, 150, 65, 160, 139, 40, 72, 56, 54, 72, 60, 14, 119, 65, 31, 72, 38, 60, 21, 20, 16, 255, 135, 120, 160, 73, 150, 101, 79, 157, 24, 106, 47, 102, 25, 16, 33, 155, 110, 155, 11, 150, 146, 73, 157, 58, 72, 61, 186, 15, 157, 151, 42, 51, 77]
237 tests cover at least 60 methods.
		13105 faults cause at least 20 failures.
		14971 faults cause at least 10 failures.
		15801 faults cause at least 5 failures.
		980 faults cause less than 5 failures.
	A Failure has on average 70.80590717299577 underlying possible faults.
	[134, 35, 67, 141, 59, 49, 147, 80, 152, 14, 62, 50, 26, 108, 134, 107, 19, 42, 59, 64, 14, 48, 154, 37, 40, 37, 36, 19, 24, 37, 103, 16, 134, 13, 51, 13, 12, 78, 78, 13, 107, 226, 216, 123, 90, 38, 5, 154, 149, 154, 16, 19, 34, 14, 17, 19, 110, 8, 20, 56, 11, 101, 16, 69, 76, 51, 21, 42, 19, 146, 62, 55, 50, 14, 117, 116, 111, 131, 14, 45, 48, 101, 47, 128, 55, 96, 14, 73, 61, 74, 96, 14, 37, 155, 112, 80, 58, 22, 4, 5, 130, 125, 24, 37, 173, 41, 141, 22, 13, 6, 123, 147, 21, 159, 41, 56, 38, 12, 65, 132, 101, 108, 126, 22, 49, 141, 64, 175, 45, 24, 128, 14, 110, 147, 13, 41, 38, 17, 83, 6, 14, 111, 39, 72, 61, 156, 39, 101, 26, 13, 19, 170, 74, 68, 155, 74, 156, 52, 40, 153, 8, 19, 19, 199, 79, 150, 12, 65, 37, 160, 13, 139, 103, 44, 40, 72, 14, 56, 54, 72, 60, 14, 119, 65, 31, 63, 16, 72, 38, 16, 60, 21, 20, 16, 255, 135, 120, 160, 73, 150, 12, 101, 79, 157, 24, 106, 47, 102, 25, 19, 16, 33, 13, 155, 110, 13, 155, 11, 16, 150, 146, 73, 157, 58, 72, 61, 186, 15, 157, 151, 42, 39, 51, 52, 49, 13, 77]
362 tests cover at least 40 methods.
		15820 faults cause at least 20 failures.
		18152 faults cause at least 10 failures.
		19327 faults cause at least 5 failures.
		1623 faults cause less than 5 failures.
	A Failure has on average 57.87292817679558 underlying possible faults.
	[134, 35, 67, 141, 59, 35, 49, 147, 26, 80, 152, 14, 62, 50, 26, 10, 108, 134, 45, 29, 107, 19, 18, 18, 42, 59, 64, 14, 48, 154, 36, 37, 31, 40, 37, 39, 36, 19, 24, 18, 37, 18, 103, 4, 31, 16, 38, 36, 134, 13, 51, 13, 12, 78, 78, 13, 107, 226, 216, 123, 90, 38, 37, 30, 5, 43, 38, 154, 149, 154, 16, 45, 19, 34, 32, 47, 14, 40, 37, 20, 42, 42, 17, 8, 19, 43, 46, 46, 110, 8, 20, 21, 33, 56, 11, 101, 23, 46, 16, 69, 76, 51, 21, 42, 36, 19, 44, 34, 146, 62, 55, 50, 14, 117, 33, 116, 111, 131, 14, 45, 42, 48, 101, 47, 128, 55, 96, 43, 14, 30, 27, 73, 61, 74, 24, 96, 14, 35, 16, 37, 155, 112, 44, 80, 39, 52, 58, 42, 36, 27, 22, 29, 30, 4, 5, 35, 130, 125, 32, 24, 6, 47, 6, 37, 173, 41, 141, 37, 22, 13, 6, 123, 147, 21, 159, 30, 36, 41, 56, 32, 38, 12, 65, 132, 29, 101, 108, 126, 38, 49, 16, 26, 22, 49, 141, 64, 40, 44, 35, 175, 35, 24, 45, 24, 41, 128, 14, 110, 147, 13, 41, 37, 33, 38, 17, 83, 39, 6, 57, 14, 40, 111, 39, 72, 61, 13, 156, 39, 101, 26, 33, 13, 19, 41, 170, 74, 68, 155, 34, 74, 44, 23, 156, 52, 40, 26, 153, 40, 8, 19, 19, 199, 16, 16, 79, 150, 12, 65, 37, 160, 13, 22, 36, 139, 103, 16, 44, 40, 22, 72, 48, 15, 14, 40, 37, 56, 54, 72, 44, 60, 22, 57, 14, 119, 65, 31, 37, 63, 16, 31, 36, 72, 38, 16, 60, 21, 39, 20, 16, 255, 135, 120, 160, 73, 27, 150, 12, 43, 40, 101, 33, 28, 79, 44, 32, 157, 24, 41, 106, 47, 102, 25, 19, 16, 33, 46, 33, 39, 41, 13, 155, 110, 13, 155, 11, 23, 16, 150, 41, 146, 73, 157, 58, 72, 61, 186, 15, 21, 157, 151, 54, 42, 39, 33, 51, 52, 49, 45, 21, 38, 13, 77]
905 tests cover at least 20 methods.
		23244 faults cause at least 20 failures.
		27049 faults cause at least 10 failures.
		29121 faults cause at least 5 failures.
		3363 faults cause less than 5 failures.
	A Failure has on average 35.8939226519337 underlying possible faults.
	[21, 31, 33, 23, 22, 3, 18, 18, 134, 40, 35, 19, 67, 38, 22, 141, 6, 20, 59, 25, 35, 49, 18, 25, 147, 26, 20, 16, 29, 80, 26, 26, 152, 7, 14, 62, 50, 25, 22, 10, 26, 28, 10, 28, 22, 29, 108, 32, 31, 134, 45, 11, 29, 107, 19, 15, 19, 44, 18, 18, 26, 43, 20, 7, 21, 39, 12, 42, 59, 25, 64, 24, 10, 29, 28, 16, 26, 9, 14, 28, 48, 15, 10, 20, 19, 154, 7, 24, 18, 36, 10, 37, 29, 16, 17, 31, 40, 37, 12, 27, 44, 39, 38, 13, 10, 21, 11, 17, 23, 36, 36, 34, 24, 19, 19, 19, 32, 16, 19, 24, 20, 15, 25, 18, 37, 18, 19, 24, 103, 26, 20, 21, 21, 14, 4, 31, 23, 9, 16, 13, 38, 36, 27, 134, 13, 23, 51, 13, 17, 20, 12, 27, 78, 78, 13, 16, 15, 17, 107, 226, 216, 123, 90, 19, 38, 37, 30, 24, 7, 11, 20, 13, 32, 5, 36, 43, 15, 38, 154, 21, 149, 28, 154, 16, 16, 28, 12, 45, 28, 21, 28, 26, 19, 29, 17, 34, 32, 4, 22, 21, 15, 12, 26, 47, 18, 14, 9, 40, 21, 33, 33, 27, 37, 11, 20, 18, 42, 20, 42, 17, 8, 25, 11, 19, 43, 46, 24, 9, 46, 16, 7, 110, 23, 29, 24, 24, 19, 26, 34, 33, 22, 18, 27, 24, 8, 13, 20, 18, 21, 35, 33, 56, 24, 11, 101, 23, 33, 46, 38, 31, 32, 16, 18, 69, 76, 51, 21, 24, 33, 6, 42, 29, 28, 14, 20, 28, 36, 23, 31, 25, 28, 22, 15, 19, 19, 17, 44, 34, 146, 30, 27, 4, 24, 4, 16, 62, 20, 55, 50, 19, 14, 19, 117, 24, 10, 19, 24, 10, 28, 33, 22, 116, 14, 19, 22, 25, 10, 111, 35, 17, 131, 15, 12, 14, 45, 42, 27, 6, 48, 29, 101, 47, 29, 128, 55, 96, 15, 25, 43, 14, 30, 27, 33, 30, 22, 73, 61, 74, 37, 10, 24, 24, 9, 30, 96, 28, 14, 35, 16, 35, 22, 17, 23, 16, 16, 24, 15, 37, 26, 20, 155, 13, 13, 112, 44, 80, 12, 39, 32, 52, 26, 21, 58, 42, 26, 37, 12, 16, 26, 36, 27, 30, 22, 21, 24, 11, 22, 25, 21, 11, 5, 19, 13, 29, 30, 25, 4, 5, 35, 18, 18, 24, 22, 130, 8, 10, 125, 32, 28, 24, 6, 47, 10, 23, 6, 34, 15, 16, 37, 173, 16, 24, 41, 21, 13, 141, 15, 14, 37, 22, 15, 27, 13, 12, 25, 24, 14, 25, 6, 30, 11, 123, 147, 25, 21, 21, 7, 159, 42, 35, 30, 36, 10, 20, 19, 25, 41, 56, 28, 25, 32, 38, 13, 20, 24, 22, 12, 41, 24, 18, 23, 17, 35, 10, 22, 38, 65, 132, 29, 12, 16, 101, 108, 23, 126, 15, 7, 5, 30, 22, 38, 49, 19, 13, 24, 17, 15, 30, 20, 9, 16, 19, 24, 26, 27, 22, 49, 14, 14, 141, 18, 24, 64, 40, 44, 26, 24, 24, 20, 35, 19, 175, 26, 29, 15, 25, 35, 23, 30, 24, 24, 23, 45, 8, 20, 24, 15, 41, 18, 15, 9, 128, 14, 110, 27, 26, 16, 20, 147, 13, 41, 27, 37, 29, 29, 13, 19, 13, 25, 23, 25, 10, 37, 25, 33, 8, 38, 6, 22, 17, 42, 24, 83, 28, 23, 39, 24, 19, 20, 6, 23, 57, 14, 40, 34, 23, 26, 111, 22, 4, 25, 39, 25, 72, 61, 13, 23, 29, 22, 156, 11, 16, 20, 39, 101, 35, 21, 40, 26, 23, 33, 13, 19, 41, 22, 12, 23, 170, 20, 74, 68, 155, 22, 34, 74, 27, 13, 10, 19, 15, 15, 11, 28, 25, 44, 23, 21, 156, 52, 7, 40, 26, 14, 153, 7, 17, 40, 26, 17, 8, 19, 19, 19, 199, 16, 14, 14, 16, 79, 19, 30, 150, 0, 12, 65, 10, 27, 20, 37, 17, 160, 13, 29, 22, 27, 17, 38, 17, 32, 37, 13, 36, 15, 11, 139, 9, 103, 16, 41, 44, 40, 8, 19, 39, 22, 13, 13, 72, 48, 21, 12, 15, 23, 16, 14, 40, 37, 40, 56, 54, 72, 44, 60, 26, 22, 26, 36, 57, 14, 16, 24, 39, 27, 119, 12, 12, 22, 25, 65, 20, 31, 24, 37, 30, 26, 24, 25, 21, 63, 16, 43, 22, 31, 26, 36, 25, 7, 72, 38, 24, 16, 26, 30, 60, 31, 21, 6, 10, 24, 16, 39, 11, 11, 20, 30, 12, 12, 27, 16, 25, 26, 25, 3, 31, 255, 135, 14, 120, 12, 160, 40, 73, 31, 40, 42, 27, 26, 22, 23, 150, 24, 12, 33, 43, 40, 17, 101, 33, 41, 16, 28, 79, 33, 44, 16, 24, 18, 16, 17, 28, 32, 157, 24, 23, 41, 106, 47, 22, 102, 15, 11, 21, 25, 19, 16, 33, 46, 33, 39, 11, 26, 41, 13, 155, 110, 11, 11, 10, 13, 155, 11, 20, 23, 27, 16, 16, 27, 150, 41, 146, 22, 18, 73, 7, 157, 26, 26, 17, 58, 10, 15, 72, 61, 24, 186, 15, 32, 24, 22, 35, 21, 157, 13, 151, 54, 27, 42, 39, 17, 12, 19, 33, 19, 51, 52, 49, 45, 21, 14, 38, 22, 24, 13, 77, 33]
1228 tests cover less than 20 methods.