INFO: Printing statistics for project C:\study\SWDiag\sharedFolder_UbuntuVM\MA\pit_data\traccar
DEBUG: Imported 2003 methods.
DEBUG: Imported 300 tests.
6 tests cover at least 100 methods.
		364 faults cause at least 20 failures.
		378 faults cause at least 10 failures.
		394 faults cause at least 5 failures.
		88 faults cause less than 5 failures.
	A Failure has on average 80.33333333333333 underlying possible faults.
	[86, 82, 59, 91, 76, 88]
101 tests cover at least 60 methods.
		4636 faults cause at least 20 failures.
		4744 faults cause at least 10 failures.
		4892 faults cause at least 5 failures.
		385 faults cause less than 5 failures.
	A Failure has on average 52.24752475247525 underlying possible faults.
	[47, 43, 86, 42, 40, 41, 50, 46, 82, 54, 47, 55, 53, 22, 45, 41, 70, 82, 51, 37, 49, 43, 43, 47, 44, 54, 60, 59, 34, 54, 51, 59, 54, 60, 46, 53, 52, 47, 45, 47, 44, 48, 49, 45, 68, 49, 44, 51, 47, 75, 46, 65, 49, 46, 44, 61, 47, 91, 48, 38, 80, 64, 51, 42, 62, 65, 42, 62, 46, 47, 52, 50, 52, 48, 53, 41, 76, 88, 44, 55, 56, 76, 41, 45, 60, 48, 37, 43, 53, 57, 40, 50, 63, 49, 49, 44, 61, 54, 51, 51, 39]
160 tests cover at least 40 methods.
		6028 faults cause at least 20 failures.
		6160 faults cause at least 10 failures.
		6377 faults cause at least 5 failures.
		583 faults cause less than 5 failures.
	A Failure has on average 43.5 underlying possible faults.
	[47, 18, 43, 86, 42, 40, 18, 21, 41, 50, 46, 82, 54, 47, 55, 28, 14, 53, 22, 45, 41, 70, 82, 51, 37, 49, 43, 43, 58, 47, 44, 37, 23, 54, 60, 59, 17, 34, 16, 54, 51, 25, 59, 27, 29, 54, 60, 24, 46, 50, 53, 24, 16, 52, 19, 25, 44, 47, 23, 45, 24, 42, 15, 35, 47, 44, 48, 29, 49, 45, 68, 49, 28, 47, 44, 30, 51, 21, 38, 47, 75, 46, 23, 26, 28, 23, 65, 49, 22, 46, 16, 15, 44, 61, 47, 39, 28, 21, 91, 48, 18, 38, 80, 64, 47, 51, 42, 62, 65, 42, 38, 47, 62, 22, 46, 47, 52, 50, 52, 48, 53, 41, 76, 46, 88, 42, 44, 55, 56, 76, 41, 45, 60, 50, 48, 26, 22, 37, 43, 23, 53, 20, 57, 40, 50, 26, 28, 25, 63, 38, 49, 16, 49, 44, 61, 54, 51, 51, 39, 43]
173 tests cover at least 20 methods.
		6179 faults cause at least 20 failures.
		6332 faults cause at least 10 failures.
		6574 faults cause at least 5 failures.
		654 faults cause less than 5 failures.
	A Failure has on average 41.78034682080925 underlying possible faults.
	[47, 18, 43, 86, 42, 40, 18, 21, 41, 50, 46, 82, 54, 47, 55, 28, 32, 14, 53, 22, 45, 41, 70, 82, 51, 37, 49, 15, 43, 43, 58, 47, 44, 18, 37, 23, 54, 60, 59, 17, 34, 16, 54, 51, 25, 59, 27, 29, 28, 54, 60, 24, 16, 46, 23, 50, 53, 24, 16, 52, 19, 16, 25, 44, 47, 23, 45, 24, 42, 15, 35, 47, 44, 48, 29, 49, 45, 68, 17, 49, 28, 47, 44, 30, 51, 21, 38, 47, 75, 46, 23, 26, 28, 23, 65, 49, 22, 46, 16, 15, 44, 61, 47, 22, 39, 28, 21, 91, 48, 18, 38, 80, 11, 64, 47, 51, 42, 62, 65, 42, 38, 47, 62, 20, 22, 46, 47, 52, 50, 31, 52, 48, 53, 41, 76, 46, 88, 42, 44, 55, 56, 76, 41, 45, 60, 50, 48, 26, 22, 37, 43, 23, 53, 20, 57, 40, 50, 26, 28, 25, 63, 38, 49, 16, 49, 44, 61, 19, 54, 51, 51, 39, 43]
127 tests cover less than 20 methods.