INFO: Printing statistics for project C:\study\SWDiag\sharedFolder_UbuntuVM\MA\pit_data\vectorz
DEBUG: Imported 5501 methods.
DEBUG: Imported 454 tests.
99 tests cover at least 100 methods.
		59774 faults cause at least 20 failures.
		65008 faults cause at least 10 failures.
		68395 faults cause at least 5 failures.
		3782 faults cause less than 5 failures.
	A Failure has on average 729.060606060606 underlying possible faults.
	[905, 831, 716, 112, 109, 544, 1363, 680, 1293, 654, 165, 1070, 137, 115, 1397, 1349, 87, 312, 1221, 1159, 1279, 1081, 778, 809, 1076, 125, 1235, 805, 1282, 719, 1249, 389, 215, 920, 1526, 225, 829, 139, 139, 722, 854, 178, 708, 90, 800, 845, 767, 1300, 189, 139, 687, 842, 732, 720, 950, 668, 135, 121, 1349, 1315, 1360, 408, 172, 1370, 185, 135, 456, 693, 679, 147, 103, 270, 962, 175, 1205, 92, 1109, 1207, 752, 111, 1147, 1111, 883, 174, 1348, 918, 1145, 918, 1111, 643, 634, 1433, 795, 1197, 1094, 670, 1202, 99, 914]
148 tests cover at least 60 methods.
		62475 faults cause at least 20 failures.
		68240 faults cause at least 10 failures.
		71942 faults cause at least 5 failures.
		4146 faults cause less than 5 failures.
	A Failure has on average 514.1081081081081 underlying possible faults.
	[905, 831, 716, 112, 95, 109, 544, 1363, 680, 91, 1293, 66, 106, 654, 65, 108, 66, 165, 1070, 107, 137, 70, 115, 1397, 1349, 87, 312, 1221, 1159, 1279, 92, 1081, 778, 809, 1076, 125, 1235, 805, 69, 1282, 719, 66, 1249, 389, 215, 75, 96, 98, 75, 116, 75, 920, 1526, 225, 54, 829, 65, 139, 139, 84, 76, 66, 54, 58, 111, 722, 854, 178, 708, 76, 90, 800, 91, 83, 74, 845, 75, 767, 89, 1300, 189, 139, 76, 687, 68, 842, 732, 720, 950, 668, 135, 121, 1349, 48, 1315, 75, 1360, 66, 408, 172, 113, 1370, 185, 135, 456, 693, 66, 679, 63, 147, 71, 93, 103, 270, 962, 175, 1205, 93, 92, 1109, 1207, 752, 105, 111, 1147, 1111, 883, 174, 1348, 918, 1145, 918, 1111, 643, 74, 69, 634, 78, 1433, 795, 1197, 1094, 670, 81, 1202, 99, 80, 914]
220 tests cover at least 40 methods.
		65238 faults cause at least 20 failures.
		71425 faults cause at least 10 failures.
		75363 faults cause at least 5 failures.
		4349 faults cause less than 5 failures.
	A Failure has on average 362.3272727272727 underlying possible faults.
	[905, 831, 57, 61, 38, 716, 112, 95, 109, 68, 19, 544, 67, 1363, 680, 58, 91, 1293, 66, 106, 58, 654, 65, 69, 71, 108, 66, 165, 1070, 107, 137, 46, 70, 115, 1397, 1349, 87, 62, 312, 56, 37, 1221, 1159, 1279, 92, 1081, 778, 57, 45, 809, 1076, 125, 1235, 805, 68, 69, 1282, 39, 719, 66, 40, 23, 42, 1249, 389, 38, 215, 53, 75, 67, 96, 59, 98, 64, 75, 116, 75, 46, 920, 47, 1526, 225, 54, 51, 829, 55, 65, 65, 139, 139, 84, 76, 66, 54, 58, 111, 722, 62, 47, 854, 45, 178, 44, 708, 76, 90, 62, 44, 800, 45, 91, 41, 40, 83, 38, 41, 54, 74, 48, 845, 75, 767, 89, 56, 1300, 189, 139, 76, 687, 58, 68, 842, 732, 720, 28, 47, 62, 55, 57, 47, 950, 668, 135, 121, 1349, 48, 1315, 75, 1360, 54, 29, 66, 45, 38, 408, 172, 113, 1370, 185, 60, 135, 456, 693, 42, 62, 66, 679, 63, 55, 147, 71, 93, 103, 270, 962, 32, 175, 1205, 66, 93, 60, 92, 39, 1109, 48, 1207, 752, 105, 111, 1147, 1111, 883, 57, 45, 174, 1348, 918, 1145, 918, 50, 1111, 643, 74, 52, 48, 69, 634, 78, 1433, 795, 1197, 1094, 62, 670, 81, 1202, 99, 33, 80, 914]
317 tests cover at least 20 methods.
		67355 faults cause at least 20 failures.
		73760 faults cause at least 10 failures.
		77981 faults cause at least 5 failures.
		4609 faults cause less than 5 failures.
	A Failure has on average 260.5362776025237 underlying possible faults.
	[905, 831, 20, 57, 61, 38, 716, 112, 30, 37, 95, 26, 42, 45, 109, 68, 21, 19, 544, 67, 1363, 680, 58, 91, 1293, 66, 106, 58, 28, 25, 654, 22, 30, 65, 69, 71, 26, 108, 66, 165, 1070, 107, 30, 137, 46, 70, 28, 115, 1397, 1349, 87, 62, 312, 56, 37, 1221, 35, 1159, 29, 32, 1279, 37, 92, 1081, 11, 35, 778, 57, 45, 809, 1076, 125, 33, 38, 43, 1235, 39, 805, 68, 69, 1282, 39, 719, 66, 22, 27, 31, 40, 47, 23, 42, 1249, 26, 389, 38, 215, 53, 75, 21, 67, 29, 96, 25, 47, 16, 59, 30, 98, 22, 36, 26, 64, 22, 75, 116, 33, 27, 75, 46, 27, 920, 47, 1526, 225, 54, 51, 829, 55, 33, 65, 37, 65, 29, 139, 139, 84, 39, 16, 76, 66, 54, 35, 58, 111, 27, 722, 62, 47, 854, 45, 178, 44, 708, 76, 90, 62, 44, 800, 21, 45, 40, 91, 41, 40, 30, 37, 83, 31, 38, 41, 54, 26, 27, 74, 48, 845, 26, 75, 767, 89, 26, 56, 1300, 189, 139, 40, 47, 28, 27, 76, 687, 29, 58, 68, 20, 842, 732, 720, 28, 47, 26, 24, 62, 54, 55, 57, 47, 950, 668, 135, 121, 12, 1349, 48, 1315, 75, 1360, 54, 29, 66, 45, 38, 408, 172, 24, 113, 1370, 185, 60, 135, 456, 693, 42, 62, 66, 679, 63, 43, 55, 147, 71, 93, 44, 103, 32, 270, 962, 32, 175, 1205, 66, 11, 93, 23, 22, 60, 92, 25, 21, 39, 23, 35, 1109, 48, 38, 27, 1207, 752, 27, 105, 111, 1147, 1111, 883, 57, 45, 174, 21, 1348, 918, 20, 21, 1145, 918, 50, 1111, 33, 643, 74, 52, 48, 16, 69, 52, 634, 78, 23, 24, 1433, 795, 32, 1197, 1094, 62, 38, 19, 670, 37, 81, 41, 31, 1202, 99, 32, 33, 80, 914]
137 tests cover less than 20 methods.