Program started...
Print statistics for project biojava
DEBUG: Imported 11045 methods.
DEBUG: Imported 1050 tests.
301 tests cover at least 100 methods.
		44226 faults cause at least 20 failures.
		48916 faults cause at least 10 failures.
		53086 faults cause at least 5 failures.
		4246 faults cause less than 5 failures.
	A Failure has on average 190.4717607973422 underlying possible faults.
	[189, 179, 53, 205, 207, 317, 54, 95, 139, 49, 374, 198, 381, 281, 167, 50, 278, 229, 619, 53, 123, 57, 430, 71, 286, 134, 66, 51, 41, 213, 171, 142, 104, 67, 258, 283, 109, 126, 60, 174, 83, 62, 63, 75, 77, 784, 105, 216, 327, 125, 115, 316, 186, 68, 444, 79, 182, 262, 231, 71, 197, 56, 313, 46, 390, 83, 107, 114, 265, 272, 71, 445, 199, 120, 45, 109, 140, 168, 192, 57, 60, 168, 41, 252, 337, 584, 215, 188, 341, 76, 495, 209, 162, 162, 229, 67, 97, 57, 288, 77, 103, 61, 264, 182, 583, 302, 220, 211, 197, 198, 347, 263, 63, 108, 63, 110, 61, 253, 56, 263, 170, 170, 64, 107, 200, 189, 256, 79, 111, 294, 157, 231, 270, 138, 274, 92, 356, 116, 334, 225, 214, 129, 60, 53, 110, 238, 235, 461, 127, 90, 177, 650, 466, 484, 122, 176, 56, 228, 187, 143, 135, 45, 50, 195, 404, 348, 56, 512, 237, 80, 313, 136, 165, 179, 200, 82, 199, 71, 602, 35, 105, 56, 80, 103, 102, 479, 236, 713, 167, 408, 486, 51, 105, 182, 206, 141, 166, 188, 140, 287, 148, 117, 213, 566, 141, 61, 443, 59, 130, 127, 83, 157, 68, 356, 207, 118, 543, 299, 274, 260, 116, 93, 87, 95, 59, 251, 291, 60, 506, 234, 219, 328, 54, 133, 171, 399, 561, 57, 68, 48, 117, 314, 399, 87, 61, 120, 93, 80, 122, 91, 127, 236, 265, 253, 90, 416, 141, 242, 83, 114, 89, 57, 37, 137, 547, 115, 117, 222, 112, 20, 61, 120, 187, 126, 49, 48, 220, 239, 95, 197, 159, 112, 246, 319, 104, 200, 84, 112, 132, 464, 60, 99, 266, 31, 109, 218, 217, 272, 91, 380, 171]
407 tests cover at least 60 methods.
		50223 faults cause at least 20 failures.
		55351 faults cause at least 10 failures.
		59949 faults cause at least 5 failures.
		4694 faults cause less than 5 failures.
	A Failure has on average 158.82800982800984 underlying possible faults.
	[189, 179, 53, 205, 207, 74, 317, 66, 54, 95, 42, 54, 139, 49, 119, 374, 198, 381, 281, 167, 50, 278, 229, 619, 53, 123, 66, 91, 122, 57, 89, 430, 71, 286, 134, 66, 51, 35, 41, 213, 171, 142, 104, 40, 67, 258, 283, 109, 126, 119, 60, 174, 83, 66, 62, 63, 75, 77, 784, 119, 105, 216, 327, 125, 115, 316, 186, 68, 444, 79, 182, 262, 231, 74, 124, 71, 197, 56, 313, 46, 390, 83, 111, 107, 114, 265, 272, 71, 27, 445, 119, 199, 75, 120, 45, 100, 44, 109, 140, 168, 192, 57, 60, 168, 41, 252, 337, 584, 215, 188, 341, 76, 495, 79, 209, 162, 162, 229, 67, 97, 57, 288, 77, 103, 61, 264, 182, 583, 302, 49, 57, 61, 220, 211, 197, 198, 347, 263, 63, 108, 62, 29, 63, 110, 61, 17, 115, 253, 73, 56, 263, 42, 170, 170, 64, 107, 46, 62, 200, 189, 256, 79, 111, 294, 157, 231, 42, 270, 87, 42, 138, 274, 92, 356, 116, 42, 89, 12, 334, 225, 214, 129, 60, 53, 110, 238, 235, 36, 461, 127, 73, 90, 177, 77, 650, 466, 484, 93, 84, 34, 48, 117, 122, 176, 56, 228, 187, 143, 135, 106, 112, 51, 45, 50, 195, 42, 404, 47, 348, 39, 56, 512, 237, 80, 313, 120, 136, 165, 179, 200, 49, 82, 35, 199, 47, 71, 39, 602, 62, 35, 76, 82, 105, 56, 119, 80, 103, 102, 479, 37, 236, 713, 167, 408, 486, 115, 51, 105, 182, 206, 141, 166, 188, 140, 287, 148, 117, 10, 213, 566, 141, 61, 64, 443, 126, 9, 59, 126, 64, 130, 127, 83, 110, 157, 68, 54, 356, 57, 207, 118, 53, 543, 25, 73, 75, 299, 274, 260, 116, 93, 87, 95, 59, 251, 11, 291, 60, 506, 234, 219, 328, 54, 133, 171, 118, 399, 93, 561, 57, 68, 48, 117, 74, 314, 62, 399, 87, 61, 120, 83, 93, 112, 80, 122, 91, 127, 236, 74, 265, 57, 253, 90, 416, 141, 242, 83, 114, 89, 57, 81, 97, 37, 137, 65, 66, 547, 115, 117, 222, 112, 20, 61, 120, 187, 60, 11, 65, 126, 49, 48, 220, 239, 95, 60, 197, 57, 159, 112, 246, 319, 104, 200, 51, 84, 6, 112, 132, 464, 70, 69, 98, 60, 99, 266, 31, 73, 109, 66, 110, 218, 217, 65, 272, 91, 380, 171, 89]
462 tests cover at least 40 methods.
		52002 faults cause at least 20 failures.
		57340 faults cause at least 10 failures.
		62152 faults cause at least 5 failures.
		5364 faults cause less than 5 failures.
	A Failure has on average 146.13852813852813 underlying possible faults.
	[189, 179, 53, 205, 207, 74, 317, 66, 54, 95, 42, 54, 139, 49, 119, 374, 198, 381, 281, 167, 50, 278, 229, 619, 53, 123, 66, 91, 122, 63, 57, 89, 430, 71, 286, 134, 66, 51, 35, 41, 55, 213, 171, 142, 104, 40, 67, 258, 283, 109, 126, 119, 60, 174, 83, 66, 54, 62, 63, 75, 77, 784, 119, 105, 69, 216, 327, 125, 115, 316, 186, 68, 444, 79, 182, 262, 231, 74, 124, 71, 197, 56, 313, 46, 390, 83, 59, 111, 107, 114, 51, 265, 45, 272, 71, 67, 27, 445, 119, 199, 57, 58, 75, 120, 45, 100, 44, 109, 140, 168, 192, 57, 60, 168, 41, 252, 65, 337, 46, 584, 23, 215, 188, 341, 53, 76, 495, 79, 209, 162, 162, 229, 67, 97, 57, 288, 77, 63, 103, 61, 264, 182, 583, 302, 49, 57, 61, 220, 211, 197, 198, 347, 263, 63, 108, 62, 29, 63, 110, 61, 17, 51, 115, 253, 73, 56, 263, 42, 170, 170, 64, 107, 46, 62, 200, 189, 256, 79, 111, 294, 157, 231, 42, 270, 87, 50, 42, 40, 138, 274, 58, 92, 356, 116, 42, 89, 12, 54, 334, 225, 214, 129, 44, 60, 53, 110, 238, 52, 235, 36, 461, 127, 73, 90, 177, 77, 650, 466, 53, 484, 93, 84, 34, 48, 117, 53, 122, 176, 56, 228, 187, 143, 135, 106, 112, 51, 45, 50, 195, 42, 46, 404, 47, 348, 56, 39, 56, 512, 237, 80, 313, 120, 136, 165, 179, 200, 49, 82, 35, 199, 47, 71, 53, 39, 24, 602, 62, 35, 76, 82, 105, 56, 119, 80, 103, 102, 37, 479, 37, 48, 236, 30, 32, 713, 167, 408, 486, 115, 51, 105, 58, 182, 206, 141, 56, 166, 188, 140, 287, 148, 117, 10, 213, 566, 141, 61, 64, 443, 126, 9, 59, 126, 64, 130, 127, 83, 48, 110, 157, 68, 54, 356, 57, 59, 207, 118, 53, 543, 25, 12, 73, 75, 299, 274, 260, 116, 93, 87, 95, 55, 52, 59, 59, 251, 11, 291, 60, 506, 234, 219, 328, 54, 133, 42, 171, 118, 399, 93, 68, 561, 57, 68, 48, 52, 117, 59, 74, 314, 51, 62, 399, 87, 61, 120, 60, 83, 93, 112, 80, 122, 52, 91, 127, 236, 74, 265, 57, 253, 90, 416, 141, 242, 83, 114, 89, 57, 81, 97, 37, 53, 137, 65, 68, 66, 547, 115, 117, 222, 112, 20, 52, 61, 120, 187, 60, 11, 65, 126, 49, 59, 48, 220, 239, 95, 60, 197, 57, 159, 58, 112, 246, 319, 61, 104, 200, 51, 84, 6, 112, 132, 464, 70, 69, 98, 60, 99, 266, 66, 31, 73, 109, 66, 64, 110, 218, 217, 65, 272, 91, 380, 171, 89]
700 tests cover at least 20 methods.
		57130 faults cause at least 20 failures.
		62931 faults cause at least 10 failures.
		68198 faults cause at least 5 failures.
		6006 faults cause less than 5 failures.
	A Failure has on average 106.00571428571429 underlying possible faults.
	[189, 179, 53, 19, 12, 46, 205, 207, 74, 26, 317, 66, 54, 95, 25, 42, 54, 139, 49, 119, 27, 374, 198, 26, 27, 12, 381, 27, 281, 167, 50, 278, 229, 619, 26, 12, 53, 51, 27, 123, 66, 32, 91, 122, 63, 57, 44, 42, 8, 89, 20, 33, 13, 430, 71, 17, 26, 286, 134, 66, 51, 21, 20, 35, 28, 38, 32, 41, 55, 213, 171, 142, 52, 104, 46, 40, 21, 67, 258, 283, 109, 126, 34, 33, 45, 34, 119, 27, 60, 26, 15, 174, 30, 83, 28, 33, 66, 54, 12, 62, 63, 75, 77, 784, 16, 119, 18, 105, 69, 31, 216, 327, 9, 26, 26, 26, 26, 20, 26, 10, 125, 26, 115, 316, 26, 186, 68, 444, 79, 182, 262, 231, 74, 45, 21, 124, 32, 71, 197, 56, 313, 46, 390, 83, 59, 111, 107, 114, 51, 265, 45, 32, 272, 71, 26, 67, 27, 445, 119, 199, 57, 58, 75, 120, 18, 24, 45, 26, 100, 44, 109, 140, 168, 192, 57, 60, 168, 41, 252, 65, 337, 28, 46, 584, 28, 46, 28, 23, 215, 188, 341, 53, 76, 33, 32, 495, 79, 209, 162, 19, 162, 229, 67, 97, 57, 288, 77, 63, 103, 61, 264, 182, 583, 302, 49, 33, 30, 57, 61, 220, 26, 26, 26, 211, 197, 198, 347, 263, 63, 26, 108, 49, 62, 31, 25, 48, 29, 12, 63, 110, 61, 17, 38, 26, 26, 26, 17, 51, 115, 253, 73, 56, 25, 263, 26, 42, 170, 170, 64, 107, 27, 46, 12, 62, 44, 200, 189, 256, 12, 79, 111, 17, 294, 26, 157, 32, 37, 231, 42, 270, 87, 50, 50, 27, 42, 25, 40, 41, 138, 274, 32, 58, 92, 356, 28, 28, 116, 42, 89, 29, 12, 54, 334, 2, 225, 214, 129, 44, 60, 34, 53, 25, 26, 110, 18, 238, 52, 14, 18, 36, 235, 36, 461, 127, 73, 90, 177, 77, 650, 40, 11, 16, 33, 26, 466, 53, 38, 484, 93, 84, 36, 34, 28, 48, 27, 117, 53, 122, 176, 25, 56, 25, 25, 228, 15, 24, 187, 143, 135, 106, 112, 24, 51, 39, 45, 50, 195, 42, 46, 28, 404, 47, 348, 17, 56, 39, 17, 56, 512, 237, 80, 313, 120, 136, 165, 179, 200, 49, 45, 82, 35, 199, 47, 71, 53, 12, 39, 24, 602, 32, 62, 35, 30, 15, 26, 76, 82, 105, 56, 32, 46, 28, 37, 26, 119, 80, 103, 102, 26, 37, 14, 479, 37, 48, 27, 27, 27, 24, 236, 17, 30, 32, 20, 30, 713, 167, 408, 486, 24, 115, 51, 31, 47, 105, 25, 58, 25, 25, 25, 25, 182, 25, 206, 25, 25, 141, 56, 166, 18, 16, 188, 140, 287, 148, 117, 10, 213, 27, 566, 141, 26, 61, 64, 25, 443, 27, 26, 126, 9, 59, 126, 39, 34, 64, 130, 32, 127, 83, 48, 110, 157, 68, 54, 356, 12, 12, 26, 57, 59, 207, 27, 118, 15, 53, 543, 25, 24, 12, 73, 17, 75, 26, 299, 274, 260, 28, 12, 116, 93, 87, 95, 55, 52, 59, 59, 251, 11, 291, 33, 60, 506, 234, 219, 328, 25, 54, 133, 42, 171, 118, 399, 22, 27, 93, 68, 42, 561, 33, 57, 68, 48, 52, 117, 59, 74, 314, 51, 62, 399, 87, 61, 120, 60, 43, 83, 46, 27, 48, 93, 112, 80, 46, 122, 52, 37, 91, 45, 127, 236, 74, 29, 265, 38, 57, 253, 90, 51, 416, 141, 46, 242, 83, 114, 27, 27, 26, 89, 27, 52, 24, 57, 81, 97, 38, 37, 53, 137, 65, 68, 27, 27, 27, 66, 22, 547, 115, 117, 222, 112, 20, 52, 61, 120, 38, 28, 187, 60, 12, 11, 16, 65, 126, 49, 59, 32, 48, 220, 239, 95, 60, 197, 26, 40, 57, 159, 58, 112, 246, 17, 319, 61, 49, 104, 39, 200, 51, 84, 6, 112, 132, 464, 70, 69, 44, 98, 60, 99, 20, 266, 66, 31, 29, 73, 28, 109, 66, 64, 110, 24, 218, 38, 217, 65, 34, 272, 17, 39, 52, 27, 26, 91, 380, 27, 26, 171, 37, 27, 89, 49, 26]
350 tests cover less than 20 methods.
