Program started...
Print statistics for project pdfbox
DEBUG: Imported 6438 methods.
DEBUG: Imported 1480 tests.
361 tests cover at least 100 methods.
		38616 faults cause at least 20 failures.
		41167 faults cause at least 10 failures.
		43143 faults cause at least 5 failures.
		1509 faults cause less than 5 failures.
	A Failure has on average 123.68975069252078 underlying possible faults.
	[305, 106, 144, 281, 109, 84, 165, 61, 310, 79, 88, 88, 59, 66, 92, 70, 216, 363, 67, 106, 83, 81, 75, 79, 94, 72, 47, 89, 215, 245, 58, 78, 102, 78, 242, 78, 80, 196, 189, 103, 72, 72, 67, 65, 92, 77, 233, 89, 86, 79, 279, 207, 70, 107, 61, 121, 78, 47, 231, 253, 83, 92, 58, 82, 78, 188, 117, 61, 71, 66, 178, 404, 77, 102, 126, 61, 137, 127, 89, 364, 97, 110, 183, 215, 359, 135, 111, 61, 98, 112, 51, 164, 70, 119, 70, 253, 85, 51, 125, 50, 78, 113, 95, 196, 280, 57, 275, 233, 244, 81, 96, 65, 118, 88, 177, 75, 178, 288, 61, 98, 89, 58, 80, 112, 230, 147, 101, 243, 295, 66, 61, 127, 273, 178, 77, 78, 73, 248, 61, 198, 200, 177, 173, 91, 61, 74, 79, 53, 295, 116, 217, 97, 108, 114, 79, 74, 81, 181, 250, 66, 116, 89, 100, 71, 58, 281, 249, 151, 46, 71, 182, 64, 66, 61, 62, 101, 66, 250, 73, 221, 106, 80, 78, 73, 83, 294, 79, 81, 118, 82, 74, 228, 183, 89, 74, 67, 83, 79, 180, 61, 81, 110, 49, 89, 243, 295, 61, 69, 118, 64, 57, 340, 70, 63, 79, 279, 245, 89, 271, 61, 70, 92, 81, 74, 191, 73, 77, 61, 82, 82, 220, 75, 88, 241, 254, 133, 101, 79, 61, 83, 199, 233, 91, 72, 69, 73, 80, 52, 254, 61, 280, 61, 69, 79, 104, 70, 230, 258, 202, 257, 139, 58, 193, 65, 92, 63, 83, 62, 64, 245, 61, 61, 97, 66, 194, 65, 280, 279, 101, 67, 114, 133, 61, 97, 66, 85, 74, 50, 69, 78, 50, 229, 50, 29, 250, 84, 83, 81, 248, 75, 91, 170, 111, 187, 96, 214, 83, 220, 45, 61, 58, 88, 113, 84, 72, 226, 73, 66, 61, 311, 93, 66, 127, 229, 66, 186, 105, 87, 70, 66, 81, 89, 108, 195, 72, 83, 75, 68, 78, 60, 44, 89, 99, 105, 240, 117, 72, 72, 84, 81, 96, 60, 118, 61, 257, 107, 233, 295, 181, 70, 195]
381 tests cover at least 60 methods.
		39144 faults cause at least 20 failures.
		41841 faults cause at least 10 failures.
		44151 faults cause at least 5 failures.
		1645 faults cause less than 5 failures.
	A Failure has on average 120.1994750656168 underlying possible faults.
	[305, 106, 144, 281, 109, 84, 165, 61, 310, 60, 79, 88, 88, 59, 66, 92, 50, 70, 79, 216, 363, 67, 106, 83, 81, 75, 79, 94, 72, 47, 89, 215, 47, 245, 58, 78, 102, 78, 242, 78, 80, 196, 189, 103, 72, 72, 67, 65, 68, 92, 77, 233, 52, 89, 86, 79, 279, 67, 207, 70, 107, 61, 121, 78, 47, 231, 253, 83, 92, 58, 82, 78, 188, 117, 61, 71, 66, 178, 404, 77, 102, 126, 61, 59, 137, 127, 89, 364, 97, 110, 183, 215, 359, 135, 111, 61, 98, 112, 51, 164, 70, 119, 70, 253, 85, 51, 125, 50, 78, 113, 95, 196, 280, 57, 275, 233, 244, 81, 96, 65, 118, 88, 60, 177, 75, 178, 288, 61, 82, 98, 89, 58, 80, 112, 230, 147, 101, 243, 295, 66, 61, 127, 273, 178, 77, 78, 73, 248, 61, 198, 200, 177, 173, 91, 61, 74, 79, 53, 295, 116, 217, 97, 108, 114, 79, 74, 81, 181, 250, 66, 116, 89, 100, 71, 58, 281, 249, 151, 46, 71, 182, 64, 66, 61, 62, 101, 66, 250, 73, 221, 106, 80, 78, 73, 83, 294, 79, 81, 118, 82, 74, 228, 183, 89, 74, 67, 83, 79, 180, 61, 81, 110, 49, 89, 243, 295, 61, 69, 118, 64, 57, 340, 29, 70, 63, 79, 279, 245, 89, 271, 61, 70, 92, 81, 74, 191, 73, 77, 61, 82, 82, 66, 220, 75, 88, 241, 254, 133, 101, 79, 61, 83, 199, 233, 91, 72, 69, 73, 80, 52, 254, 61, 280, 61, 69, 79, 104, 70, 230, 258, 202, 257, 139, 58, 193, 65, 92, 63, 22, 83, 62, 64, 245, 61, 61, 97, 66, 194, 65, 280, 60, 279, 101, 67, 114, 51, 133, 61, 97, 66, 85, 74, 50, 69, 78, 50, 229, 50, 29, 250, 84, 83, 81, 248, 75, 91, 170, 111, 187, 96, 214, 83, 48, 220, 45, 59, 61, 58, 88, 47, 113, 84, 72, 226, 73, 66, 61, 311, 93, 66, 127, 229, 66, 186, 105, 87, 70, 66, 81, 89, 108, 195, 72, 83, 83, 75, 68, 78, 60, 44, 89, 99, 105, 240, 117, 72, 55, 72, 84, 81, 96, 60, 118, 61, 257, 107, 233, 295, 181, 70, 195]
422 tests cover at least 40 methods.
		39929 faults cause at least 20 failures.
		42861 faults cause at least 10 failures.
		45252 faults cause at least 5 failures.
		1835 faults cause less than 5 failures.
	A Failure has on average 111.58056872037915 underlying possible faults.
	[305, 44, 106, 21, 31, 144, 281, 109, 84, 165, 61, 310, 60, 19, 79, 27, 88, 88, 59, 66, 92, 50, 33, 22, 70, 79, 19, 216, 33, 363, 67, 106, 21, 83, 81, 75, 79, 94, 72, 19, 47, 89, 215, 47, 245, 19, 58, 78, 102, 21, 78, 242, 78, 80, 24, 196, 189, 103, 21, 46, 72, 72, 67, 65, 68, 92, 77, 233, 52, 89, 86, 79, 279, 67, 207, 70, 107, 61, 121, 78, 47, 231, 253, 83, 92, 58, 50, 82, 78, 188, 117, 54, 61, 71, 66, 178, 404, 77, 31, 102, 126, 61, 59, 137, 127, 89, 18, 364, 97, 110, 183, 215, 359, 135, 111, 61, 98, 112, 51, 164, 70, 119, 70, 253, 85, 51, 125, 50, 78, 113, 95, 40, 196, 280, 57, 275, 233, 244, 81, 96, 65, 118, 52, 88, 60, 177, 75, 178, 288, 61, 82, 98, 89, 58, 80, 112, 230, 22, 147, 29, 101, 243, 295, 38, 66, 29, 30, 61, 127, 273, 178, 77, 78, 73, 248, 61, 198, 200, 177, 173, 40, 91, 61, 74, 79, 53, 295, 116, 217, 97, 108, 114, 79, 74, 81, 181, 250, 66, 116, 89, 100, 71, 58, 281, 249, 151, 46, 71, 182, 64, 31, 66, 61, 62, 101, 66, 250, 73, 221, 106, 80, 78, 73, 83, 294, 79, 81, 118, 82, 74, 228, 183, 89, 74, 67, 83, 79, 180, 61, 81, 110, 49, 89, 243, 295, 18, 61, 69, 118, 64, 57, 340, 31, 29, 70, 63, 79, 279, 245, 89, 271, 61, 70, 92, 81, 74, 191, 73, 77, 61, 82, 82, 66, 220, 75, 88, 241, 254, 133, 101, 79, 61, 83, 199, 233, 91, 72, 69, 73, 80, 52, 254, 61, 40, 280, 61, 69, 79, 104, 70, 230, 258, 202, 257, 139, 58, 193, 65, 92, 63, 22, 83, 62, 64, 245, 61, 61, 97, 66, 194, 65, 280, 60, 279, 101, 67, 114, 51, 133, 32, 61, 97, 66, 85, 74, 50, 69, 78, 50, 229, 50, 29, 250, 84, 83, 81, 248, 42, 75, 91, 170, 30, 111, 187, 96, 214, 83, 48, 220, 45, 59, 61, 58, 38, 88, 40, 47, 113, 84, 72, 226, 73, 66, 61, 311, 93, 66, 127, 229, 66, 186, 105, 87, 70, 66, 81, 89, 108, 195, 72, 83, 83, 75, 68, 78, 60, 30, 49, 30, 44, 89, 99, 105, 240, 117, 72, 55, 72, 84, 81, 96, 27, 60, 118, 61, 257, 107, 233, 295, 181, 70, 195]
756 tests cover at least 20 methods.
		44985 faults cause at least 20 failures.
		48251 faults cause at least 10 failures.
		50946 faults cause at least 5 failures.
		2533 faults cause less than 5 failures.
	A Failure has on average 70.73941798941799 underlying possible faults.
	[305, 44, 106, 8, 21, 19, 31, 144, 11, 281, 109, 84, 165, 61, 15, 310, 24, 17, 60, 19, 19, 79, 21, 15, 31, 25, 27, 88, 88, 22, 16, 18, 59, 66, 92, 50, 21, 21, 33, 15, 17, 13, 22, 70, 79, 19, 216, 13, 33, 18, 363, 17, 21, 67, 26, 18, 25, 26, 106, 21, 18, 37, 83, 18, 10, 81, 13, 75, 16, 79, 94, 72, 18, 19, 21, 47, 21, 89, 19, 26, 215, 13, 47, 245, 39, 30, 22, 19, 21, 46, 10, 58, 78, 102, 13, 18, 32, 21, 18, 23, 78, 11, 19, 242, 13, 78, 16, 17, 80, 36, 24, 16, 31, 196, 31, 189, 10, 35, 18, 22, 103, 21, 28, 46, 10, 36, 72, 72, 67, 18, 10, 65, 68, 92, 77, 38, 18, 10, 233, 40, 43, 52, 24, 89, 18, 86, 79, 24, 279, 67, 207, 70, 107, 61, 121, 78, 19, 47, 231, 29, 18, 253, 31, 83, 92, 20, 26, 58, 50, 82, 10, 78, 18, 188, 117, 24, 10, 54, 61, 24, 18, 71, 25, 66, 16, 10, 178, 404, 13, 77, 43, 31, 13, 102, 10, 126, 18, 21, 20, 61, 59, 137, 127, 89, 24, 18, 364, 97, 21, 110, 20, 183, 215, 359, 135, 40, 111, 18, 61, 98, 112, 13, 51, 164, 70, 119, 70, 21, 21, 253, 85, 22, 11, 13, 51, 36, 125, 21, 50, 78, 17, 113, 95, 18, 40, 18, 24, 196, 280, 57, 47, 21, 13, 275, 233, 244, 81, 96, 65, 24, 20, 118, 52, 10, 88, 60, 177, 16, 75, 21, 13, 178, 13, 288, 20, 61, 82, 98, 20, 89, 58, 80, 112, 8, 230, 13, 24, 21, 13, 22, 147, 29, 101, 20, 8, 243, 295, 38, 39, 66, 29, 25, 13, 13, 30, 61, 127, 273, 178, 77, 10, 78, 44, 10, 18, 73, 27, 248, 13, 61, 198, 18, 200, 10, 18, 177, 13, 173, 40, 91, 19, 18, 13, 61, 13, 74, 13, 10, 45, 79, 53, 295, 116, 217, 97, 108, 31, 13, 28, 114, 25, 79, 10, 18, 10, 13, 74, 37, 81, 181, 10, 27, 250, 66, 10, 18, 14, 116, 89, 100, 71, 58, 281, 249, 151, 46, 71, 10, 17, 37, 13, 182, 64, 31, 66, 24, 20, 10, 40, 18, 61, 23, 62, 101, 66, 24, 250, 73, 221, 106, 10, 13, 80, 78, 73, 11, 83, 294, 79, 10, 81, 13, 29, 118, 82, 74, 228, 183, 89, 74, 33, 9, 67, 10, 83, 79, 180, 61, 81, 110, 49, 89, 243, 20, 295, 18, 10, 61, 9, 13, 69, 118, 64, 18, 20, 57, 10, 340, 31, 29, 70, 13, 18, 23, 63, 79, 10, 279, 24, 24, 245, 46, 13, 24, 89, 271, 8, 61, 70, 10, 14, 92, 26, 81, 74, 20, 191, 73, 20, 77, 61, 21, 82, 10, 24, 82, 9, 24, 24, 18, 66, 220, 75, 88, 20, 241, 13, 254, 133, 25, 101, 20, 20, 79, 61, 6, 83, 199, 16, 233, 43, 91, 72, 20, 69, 25, 73, 20, 80, 13, 52, 254, 20, 10, 25, 61, 40, 10, 280, 17, 16, 61, 69, 79, 104, 70, 230, 258, 202, 10, 257, 139, 16, 58, 21, 193, 65, 92, 63, 22, 8, 83, 62, 64, 245, 21, 61, 61, 97, 66, 194, 16, 34, 65, 26, 280, 19, 24, 13, 16, 13, 60, 279, 16, 101, 67, 25, 13, 17, 10, 114, 51, 133, 32, 20, 24, 61, 97, 13, 16, 10, 66, 85, 44, 46, 19, 74, 50, 69, 78, 50, 229, 50, 13, 29, 10, 14, 250, 10, 20, 10, 84, 83, 81, 248, 42, 75, 91, 15, 170, 46, 13, 30, 20, 111, 10, 187, 96, 214, 83, 48, 220, 11, 45, 59, 61, 58, 10, 38, 16, 30, 9, 88, 10, 16, 40, 47, 113, 20, 84, 16, 15, 22, 72, 10, 226, 73, 13, 18, 66, 61, 19, 13, 311, 93, 29, 18, 16, 10, 66, 127, 13, 229, 13, 22, 10, 66, 16, 20, 186, 10, 105, 16, 87, 70, 66, 18, 20, 81, 23, 89, 108, 18, 18, 17, 195, 72, 83, 83, 75, 21, 68, 18, 78, 18, 60, 13, 13, 30, 49, 18, 30, 18, 24, 44, 10, 89, 99, 13, 105, 20, 240, 117, 11, 72, 15, 13, 55, 40, 72, 10, 16, 45, 11, 84, 81, 21, 15, 96, 27, 13, 60, 118, 61, 257, 107, 233, 16, 295, 181, 70, 21, 38, 13, 195, 15]
724 tests cover less than 20 methods.
